This is pdfTeX, Version 3.141592653-2.6-1.40.27 (MiKTeX 25.4) (preloaded format=pdflatex 2025.5.3)  3 NOV 2025 12:53
entering extended mode
 restricted \write18 enabled.
 %&-line parsing enabled.
**./campinglemaineblanc.tex
(campinglemaineblanc.tex
LaTeX2e <2024-11-01> patch level 2
L3 programming layer <2025-03-26>
(sphinxmanual.cls
Document Class: sphinxmanual 2019/12/01 v2.3.0 Document class (Sphinx manual)
(C:\Users\natha\AppData\Local\Programs\MiKTeX\tex/latex/base\report.cls
Document Class: report 2024/06/29 v1.4n Standard LaTeX document class
(C:\Users\natha\AppData\Local\Programs\MiKTeX\tex/latex/base\size10.clo
File: size10.clo 2024/06/29 v1.4n Standard LaTeX file (size option)
)
\c@part=\count197
\c@chapter=\count198
\c@section=\count199
\c@subsection=\count266
\c@subsubsection=\count267
\c@paragraph=\count268
\c@subparagraph=\count269
\c@figure=\count270
\c@table=\count271
\abovecaptionskip=\skip49
\belowcaptionskip=\skip50
\bibindent=\dimen146
)
LaTeX Info: Redefining \and on input line 35.
)
(C:\Users\natha\AppData\Local\Programs\MiKTeX\tex/latex/base\inputenc.sty
Package: inputenc 2024/02/08 v1.3d Input encoding file
\inpenc@prehook=\toks17
\inpenc@posthook=\toks18
)
   defining Unicode char U+00A0 (decimal 160)
   defining Unicode char U+2500 (decimal 9472)
   defining Unicode char U+2502 (decimal 9474)
   defining Unicode char U+2514 (decimal 9492)
   defining Unicode char U+251C (decimal 9500)
   defining Unicode char U+2572 (decimal 9586)

(C:\Users\natha\AppData\Local\Programs\MiKTeX\tex/latex/cmap\cmap.sty
Package: cmap 2021/02/06 v1.0j CMap support: searchable PDF
)
(C:\Users\natha\AppData\Local\Programs\MiKTeX\tex/latex/base\fontenc.sty
Package: fontenc 2021/04/29 v2.0v Standard LaTeX package
<<t1.cmap>>)
(C:\Users\natha\AppData\Local\Programs\MiKTeX\tex/latex/amsmath\amsmath.sty
Package: amsmath 2024/11/05 v2.17t AMS math features
\@mathmargin=\skip51

For additional information on amsmath, use the `?' option.
(C:\Users\natha\AppData\Local\Programs\MiKTeX\tex/latex/amsmath\amstext.sty
Package: amstext 2021/08/26 v2.01 AMS text

(C:\Users\natha\AppData\Local\Programs\MiKTeX\tex/latex/amsmath\amsgen.sty
File: amsgen.sty 1999/11/30 v2.0 generic functions
\@emptytoks=\toks19
\ex@=\dimen147
))
(C:\Users\natha\AppData\Local\Programs\MiKTeX\tex/latex/amsmath\amsbsy.sty
Package: amsbsy 1999/11/29 v1.2d Bold Symbols
\pmbraise@=\dimen148
)
(C:\Users\natha\AppData\Local\Programs\MiKTeX\tex/latex/amsmath\amsopn.sty
Package: amsopn 2022/04/08 v2.04 operator names
)
\inf@bad=\count272
LaTeX Info: Redefining \frac on input line 233.
\uproot@=\count273
\leftroot@=\count274
LaTeX Info: Redefining \overline on input line 398.
LaTeX Info: Redefining \colon on input line 409.
\classnum@=\count275
\DOTSCASE@=\count276
LaTeX Info: Redefining \ldots on input line 495.
LaTeX Info: Redefining \dots on input line 498.
LaTeX Info: Redefining \cdots on input line 619.
\Mathstrutbox@=\box53
\strutbox@=\box54
LaTeX Info: Redefining \big on input line 721.
LaTeX Info: Redefining \Big on input line 722.
LaTeX Info: Redefining \bigg on input line 723.
LaTeX Info: Redefining \Bigg on input line 724.
\big@size=\dimen149
LaTeX Font Info:    Redeclaring font encoding OML on input line 742.
LaTeX Font Info:    Redeclaring font encoding OMS on input line 743.
\macc@depth=\count277
LaTeX Info: Redefining \bmod on input line 904.
LaTeX Info: Redefining \pmod on input line 909.
LaTeX Info: Redefining \smash on input line 939.
LaTeX Info: Redefining \relbar on input line 969.
LaTeX Info: Redefining \Relbar on input line 970.
\c@MaxMatrixCols=\count278
\dotsspace@=\muskip17
\c@parentequation=\count279
\dspbrk@lvl=\count280
\tag@help=\toks20
\row@=\count281
\column@=\count282
\maxfields@=\count283
\andhelp@=\toks21
\eqnshift@=\dimen150
\alignsep@=\dimen151
\tagshift@=\dimen152
\tagwidth@=\dimen153
\totwidth@=\dimen154
\lineht@=\dimen155
\@envbody=\toks22
\multlinegap=\skip52
\multlinetaggap=\skip53
\mathdisplay@stack=\toks23
LaTeX Info: Redefining \[ on input line 2953.
LaTeX Info: Redefining \] on input line 2954.
)
(C:\Users\natha\AppData\Local\Programs\MiKTeX\tex/latex/amsfonts\amssymb.sty
Package: amssymb 2013/01/14 v3.01 AMS font symbols

(C:\Users\natha\AppData\Local\Programs\MiKTeX\tex/latex/amsfonts\amsfonts.sty
Package: amsfonts 2013/01/14 v3.01 Basic AMSFonts support
\symAMSa=\mathgroup4
\symAMSb=\mathgroup5
LaTeX Font Info:    Redeclaring math symbol \hbar on input line 98.
LaTeX Font Info:    Overwriting math alphabet `\mathfrak' in version `bold'
(Font)                  U/euf/m/n --> U/euf/b/n on input line 106.
)) (C:\Users\natha\AppData\Local\Programs\MiKTeX\tex/generic/babel\babel.sty
Package: babel 2025/04/14 v25.7 The multilingual framework for pdfLaTeX, LuaLaT
eX and XeLaTeX
\babel@savecnt=\count284
\U@D=\dimen156
\l@unhyphenated=\language79

(C:\Users\natha\AppData\Local\Programs\MiKTeX\tex/generic/babel\txtbabel.def)
\bbl@readstream=\read2
\bbl@dirlevel=\count285

*************************************
* Local config file bblopts.cfg used
*
(C:\Users\natha\AppData\Local\Programs\MiKTeX\tex/latex/arabi\bblopts.cfg
File: bblopts.cfg 2005/09/08 v0.1 add Arabic and Farsi to "declared" options of
 babel
)
(C:\Users\natha\AppData\Local\Programs\MiKTeX\tex/latex/babel-english\english.l
df
Language: english 2017/06/06 v3.3r English support from the babel system
Package babel Info: Hyphen rules for 'canadian' set to \l@english
(babel)             (\language0). Reported on input line 102.
Package babel Info: Hyphen rules for 'australian' set to \l@ukenglish
(babel)             (\language73). Reported on input line 105.
Package babel Info: Hyphen rules for 'newzealand' set to \l@ukenglish
(babel)             (\language73). Reported on input line 108.
))
(C:\Users\natha\AppData\Local\Programs\MiKTeX\tex/generic/babel/locale/en\babel
-english.tex
Package babel Info: Importing font and identification data for english
(babel)             from babel-en.ini. Reported on input line 11.
)
(C:\Users\natha\AppData\Local\Programs\MiKTeX\tex/latex/tex-gyre\tgtermes.sty
Package: tgtermes 2009/09/27 v1.2 TeX Gyre Termes as default roman family

(C:\Users\natha\AppData\Local\Programs\MiKTeX\tex/latex/kvoptions\kvoptions.sty
Package: kvoptions 2022-06-15 v3.15 Key value format for package options (HO)
(C:\Users\natha\AppData\Local\Programs\MiKTeX\tex/latex/graphics\keyval.sty
Package: keyval 2022/05/29 v1.15 key=value parser (DPC)
\KV@toks@=\toks24
)
(C:\Users\natha\AppData\Local\Programs\MiKTeX\tex/generic/ltxcmds\ltxcmds.sty
Package: ltxcmds 2023-12-04 v1.26 LaTeX kernel commands for general use (HO)
)
(C:\Users\natha\AppData\Local\Programs\MiKTeX\tex/latex/kvsetkeys\kvsetkeys.sty
Package: kvsetkeys 2022-10-05 v1.19 Key value parser (HO)
)))
(C:\Users\natha\AppData\Local\Programs\MiKTeX\tex/latex/tex-gyre\tgheros.sty
Package: tgheros 2009/09/27 v1.2 TeX Gyre Heros as default sans serif family
)
(C:\Users\natha\AppData\Local\Programs\MiKTeX\tex/latex/fncychap\fncychap.sty
Package: fncychap 2007/07/30 v1.34 LaTeX package (Revised chapters)
\RW=\skip54
\mylen=\skip55
\myhi=\skip56
\px=\skip57
\py=\skip58
\pyy=\skip59
\pxx=\skip60
\c@AlphaCnt=\count286
\c@AlphaDecCnt=\count287
)
(sphinx.sty
Package: sphinx 2024/11/23 v8.2.0 Sphinx LaTeX package (sphinx-doc)

(C:\Users\natha\AppData\Local\Programs\MiKTeX\tex/latex/xcolor\xcolor.sty
Package: xcolor 2024/09/29 v3.02 LaTeX color extensions (UK)

(C:\Users\natha\AppData\Local\Programs\MiKTeX\tex/latex/graphics-cfg\color.cfg
File: color.cfg 2016/01/02 v1.6 sample color configuration
)
Package xcolor Info: Driver file: pdftex.def on input line 274.

(C:\Users\natha\AppData\Local\Programs\MiKTeX\tex/latex/graphics-def\pdftex.def
File: pdftex.def 2024/04/13 v1.2c Graphics/color driver for pdftex
)
(C:\Users\natha\AppData\Local\Programs\MiKTeX\tex/latex/graphics\mathcolor.ltx)
Package xcolor Info: Model `cmy' substituted by `cmy0' on input line 1349.
Package xcolor Info: Model `hsb' substituted by `rgb' on input line 1353.
Package xcolor Info: Model `RGB' extended on input line 1365.
Package xcolor Info: Model `HTML' substituted by `rgb' on input line 1367.
Package xcolor Info: Model `Hsb' substituted by `hsb' on input line 1368.
Package xcolor Info: Model `tHsb' substituted by `hsb' on input line 1369.
Package xcolor Info: Model `HSB' substituted by `hsb' on input line 1370.
Package xcolor Info: Model `Gray' substituted by `gray' on input line 1371.
Package xcolor Info: Model `wave' substituted by `hsb' on input line 1372.
) (sphinxoptionshyperref.sty
Package: sphinxoptionshyperref 2021/01/27 hyperref
) (sphinxoptionsgeometry.sty
Package: sphinxoptionsgeometry 2021/01/27 geometry
)
(C:\Users\natha\AppData\Local\Programs\MiKTeX\tex/latex/base\textcomp.sty
Package: textcomp 2024/04/24 v2.1b Standard LaTeX package
)
(C:\Users\natha\AppData\Local\Programs\MiKTeX\tex/latex/float\float.sty
Package: float 2001/11/08 v1.3d Float enhancements (AL)
\c@float@type=\count288
\float@exts=\toks25
\float@box=\box55
\@float@everytoks=\toks26
\@floatcapt=\box56
)
(C:\Users\natha\AppData\Local\Programs\MiKTeX\tex/latex/wrapfig\wrapfig.sty
\wrapoverhang=\dimen157
\WF@size=\dimen158
\c@WF@wrappedlines=\count289
\WF@box=\box57
\WF@everypar=\toks27
Package: wrapfig 2003/01/31  v 3.6
)
(C:\Users\natha\AppData\Local\Programs\MiKTeX\tex/latex/capt-of\capt-of.sty
Package: capt-of 2009/12/29 v0.2 standard captions outside of floats
)
(C:\Users\natha\AppData\Local\Programs\MiKTeX\tex/latex/tools\multicol.sty
Package: multicol 2024/09/14 v1.9i multicolumn formatting (FMi)
\c@tracingmulticols=\count290
\mult@box=\box58
\multicol@leftmargin=\dimen159
\c@unbalance=\count291
\c@collectmore=\count292
\doublecol@number=\count293
\multicoltolerance=\count294
\multicolpretolerance=\count295
\full@width=\dimen160
\page@free=\dimen161
\premulticols=\dimen162
\postmulticols=\dimen163
\multicolsep=\skip61
\multicolbaselineskip=\skip62
\partial@page=\box59
\last@line=\box60
\mc@boxedresult=\box61
\maxbalancingoverflow=\dimen164
\mult@rightbox=\box62
\mult@grightbox=\box63
\mult@firstbox=\box64
\mult@gfirstbox=\box65
\@tempa=\box66
\@tempa=\box67
\@tempa=\box68
\@tempa=\box69
\@tempa=\box70
\@tempa=\box71
\@tempa=\box72
\@tempa=\box73
\@tempa=\box74
\@tempa=\box75
\@tempa=\box76
\@tempa=\box77
\@tempa=\box78
\@tempa=\box79
\@tempa=\box80
\@tempa=\box81
\@tempa=\box82
\@tempa=\box83
\@tempa=\box84
\@tempa=\box85
\@tempa=\box86
\@tempa=\box87
\@tempa=\box88
\@tempa=\box89
\@tempa=\box90
\@tempa=\box91
\@tempa=\box92
\@tempa=\box93
\@tempa=\box94
\@tempa=\box95
\@tempa=\box96
\@tempa=\box97
\@tempa=\box98
\@tempa=\box99
\@tempa=\box100
\@tempa=\box101
\c@minrows=\count296
\c@columnbadness=\count297
\c@finalcolumnbadness=\count298
\last@try=\dimen165
\multicolovershoot=\dimen166
\multicolundershoot=\dimen167
\mult@nat@firstbox=\box102
\colbreak@box=\box103
\mc@col@check@num=\count299
)
(C:\Users\natha\AppData\Local\Programs\MiKTeX\tex/latex/graphics\graphicx.sty
Package: graphicx 2021/09/16 v1.2d Enhanced LaTeX Graphics (DPC,SPQR)

(C:\Users\natha\AppData\Local\Programs\MiKTeX\tex/latex/graphics\graphics.sty
Package: graphics 2024/08/06 v1.4g Standard LaTeX Graphics (DPC,SPQR)

(C:\Users\natha\AppData\Local\Programs\MiKTeX\tex/latex/graphics\trig.sty
Package: trig 2023/12/02 v1.11 sin cos tan (DPC)
)
(C:\Users\natha\AppData\Local\Programs\MiKTeX\tex/latex/graphics-cfg\graphics.c
fg
File: graphics.cfg 2016/06/04 v1.11 sample graphics configuration
)
Package graphics Info: Driver file: pdftex.def on input line 106.
)
\Gin@req@height=\dimen168
\Gin@req@width=\dimen169
) (sphinxlatexgraphics.sty
Package: sphinxlatexgraphics 2024/08/13 v8.1.0 graphics
\spx@image@maxheight=\dimen170
\spx@image@box=\box104
) (sphinxpackageboxes.sty
Package: sphinxpackageboxes 2024/07/01 v7.4.0 advanced colored boxes

(C:\Users\natha\AppData\Local\Programs\MiKTeX\tex/latex/pict2e\pict2e.sty
Package: pict2e 2020/09/30 v0.4b Improved picture commands (HjG,RN,JT)

(C:\Users\natha\AppData\Local\Programs\MiKTeX\tex/latex/pict2e\pict2e.cfg
File: pict2e.cfg 2016/02/05 v0.1u pict2e configuration for teTeX/TeXLive
)
Package pict2e Info: Driver file: pdftex.def on input line 112.
Package pict2e Info: Driver file for pict2e: p2e-pdftex.def on input line 114.

(C:\Users\natha\AppData\Local\Programs\MiKTeX\tex/latex/pict2e\p2e-pdftex.def
File: p2e-pdftex.def 2016/02/05 v0.1u Driver-dependant file (RN,HjG,JT)
)
\pIIe@GRAPH=\toks28
\@arclen=\dimen171
\@arcrad=\dimen172
\pIIe@tempdima=\dimen173
\pIIe@tempdimb=\dimen174
\pIIe@tempdimc=\dimen175
\pIIe@tempdimd=\dimen176
\pIIe@tempdime=\dimen177
\pIIe@tempdimf=\dimen178
) (C:\Users\natha\AppData\Local\Programs\MiKTeX\tex/latex/ellipse\ellipse.sty
Package: ellipse 2004/11/05 v1.0 .dtx ellipse file
)
\@tempdimd=\dimen179
\spx@tempboxa=\box105
\spx@tempboxb=\box106
\spx@boxes@border@top=\dimen180
\spx@boxes@border@right=\dimen181
\spx@boxes@border@bottom=\dimen182
\spx@boxes@border@left=\dimen183
\spx@boxes@padding@top=\dimen184
\spx@boxes@padding@right=\dimen185
\spx@boxes@padding@bottom=\dimen186
\spx@boxes@padding@left=\dimen187
\spx@boxes@shadow@xoffset=\dimen188
\spx@boxes@shadow@yoffset=\dimen189
\spx@boxes@radius@topleft@x=\dimen190
\spx@boxes@radius@topright@x=\dimen191
\spx@boxes@radius@bottomright@x=\dimen192
\spx@boxes@radius@bottomleft@x=\dimen193
\spx@boxes@radius@topleft@y=\dimen194
\spx@boxes@radius@topright@y=\dimen195
\spx@boxes@radius@bottomright@y=\dimen196
\spx@boxes@radius@bottomleft@y=\dimen197
)
(sphinxlatexadmonitions.sty
Package: sphinxlatexadmonitions 2024/10/11 v8.1.1 admonitions

(C:\Users\natha\AppData\Local\Programs\MiKTeX\tex/latex/framed\framed.sty
Package: framed 2011/10/22 v 0.96: framed or shaded text with page breaks
\OuterFrameSep=\skip63
\fb@frw=\dimen198
\fb@frh=\dimen199
\FrameRule=\dimen256
\FrameSep=\dimen257
)
(sphinxpackagefootnote.sty
Package: sphinxpackagefootnote 2024/05/17 v7.3.x Sphinx custom footnotehyper pa
ckage (Sphinx team)
\FNH@notes=\box107
\FNH@toks=\toks29
\FNH@width=\dimen258
\c@sphinxfootnotemark=\count300
)
\spx@notice@border=\dimen259
\c@sphinxtodo=\count301
) (sphinxlatexliterals.sty
Package: sphinxlatexliterals 2024/07/01 v7.4.0 code-blocks and parsed literals

(C:\Users\natha\AppData\Local\Programs\MiKTeX\tex/latex/fancyvrb\fancyvrb.sty
Package: fancyvrb 2024/01/20 4.5c verbatim text (tvz,hv)
\FV@CodeLineNo=\count302
\FV@InFile=\read3
\FV@TabBox=\box108
\c@FancyVerbLine=\count303
\FV@StepNumber=\count304
\FV@OutFile=\write3
)
(C:\Users\natha\AppData\Local\Programs\MiKTeX\tex/latex/base\alltt.sty
Package: alltt 2024/07/07 v2.0g defines alltt environment
)
(C:\Users\natha\AppData\Local\Programs\MiKTeX\tex/latex/upquote\upquote.sty
Package: upquote 2012/04/19 v1.3 upright-quote and grave-accent glyphs in verba
tim
)
(C:\Users\natha\AppData\Local\Programs\MiKTeX\tex/latex/needspace\needspace.sty
Package: needspace 2025/03/13 v1.3e reserve vertical space
)
\sphinxcontinuationbox=\box109
\sphinxvisiblespacebox=\box110
\sphinxVerbatim@TitleBox=\box111
\sphinxVerbatim@ContentsBox=\box112
) (sphinxlatexshadowbox.sty
Package: sphinxlatexshadowbox 2024/07/28 v8.1.0 sphinxShadowBox
) (sphinxlatexcontainers.sty
Package: sphinxlatexcontainers 2021/05/03 containers
) (sphinxhighlight.sty
Package: sphinxhighlight 2022/06/30 stylesheet for highlighting with pygments
) (sphinxlatextables.sty
Package: sphinxlatextables 2024/07/01 v7.4.0 tables

(C:\Users\natha\AppData\Local\Programs\MiKTeX\tex/latex/tabulary\tabulary.sty
Package: tabulary 2024/06/04 v0.11 tabulary package (DPC)

(C:\Users\natha\AppData\Local\Programs\MiKTeX\tex/latex/tools\array.sty
Package: array 2024/10/17 v2.6g Tabular extension package (FMi)
\col@sep=\dimen260
\ar@mcellbox=\box113
\extrarowheight=\dimen261
\NC@list=\toks30
\extratabsurround=\skip64
\backup@length=\skip65
\ar@cellbox=\box114
)
\TY@count=\count305
\TY@linewidth=\dimen262
\tymin=\dimen263
\tymax=\dimen264
\TY@tablewidth=\dimen265
)
(C:\Users\natha\AppData\Local\Programs\MiKTeX\tex/latex/tools\longtable.sty
Package: longtable 2024-10-27 v4.22 Multi-page Table package (DPC)
\LTleft=\skip66
\LTright=\skip67
\LTpre=\skip68
\LTpost=\skip69
\LTchunksize=\count306
\LTcapwidth=\dimen266
\LT@head=\box115
\LT@firsthead=\box116
\LT@foot=\box117
\LT@lastfoot=\box118
\LT@gbox=\box119
\LT@cols=\count307
\LT@rows=\count308
\c@LT@tables=\count309
\c@LT@chunks=\count310
\LT@p@ftn=\toks31
)
(C:\Users\natha\AppData\Local\Programs\MiKTeX\tex/latex/varwidth\varwidth.sty
Package: varwidth 2009/03/30 ver 0.92;  Variable-width minipages
\@vwid@box=\box120
\sift@deathcycles=\count311
\@vwid@loff=\dimen267
\@vwid@roff=\dimen268
)
\sphinx@TY@tablewidth=\dimen269

(C:\Users\natha\AppData\Local\Programs\MiKTeX\tex/latex/colortbl\colortbl.sty
Package: colortbl 2024/07/06 v1.0i Color table columns (DPC)
\everycr=\toks32
\minrowclearance=\skip70
\rownum=\count312
)
(C:\Users\natha\AppData\Local\Programs\MiKTeX\tex/latex/booktabs\booktabs.sty
Package: booktabs 2020/01/12 v1.61803398 Publication quality tables
\heavyrulewidth=\dimen270
\lightrulewidth=\dimen271
\cmidrulewidth=\dimen272
\belowrulesep=\dimen273
\belowbottomsep=\dimen274
\aboverulesep=\dimen275
\abovetopsep=\dimen276
\cmidrulesep=\dimen277
\cmidrulekern=\dimen278
\defaultaddspace=\dimen279
\@cmidla=\count313
\@cmidlb=\count314
\@aboverulesep=\dimen280
\@belowrulesep=\dimen281
\@thisruleclass=\count315
\@lastruleclass=\count316
\@thisrulewidth=\dimen282
)) (sphinxlatexnumfig.sty
Package: sphinxlatexnumfig 2024/07/31 v8.1.0 numbering
) (sphinxlatexlists.sty
Package: sphinxlatexlists 2021/12/20 lists
\spx@lineitemlabel=\toks33
)
\c@sphinxscope=\count317
 (sphinxlatexindbibtoc.sty
Package: sphinxlatexindbibtoc 2021/01/27 index, bib., toc

(C:\Users\natha\AppData\Local\Programs\MiKTeX\tex/latex/base\makeidx.sty
Package: makeidx 2021/10/04 v1.0m Standard LaTeX package
))
(sphinxlatexstylepage.sty
Package: sphinxlatexstylepage 2021/01/27 page styling

(C:\Users\natha\AppData\Local\Programs\MiKTeX\tex/latex/parskip\parskip.sty
Package: parskip 2021-03-14 v2.0h non-zero parskip adjustments

(C:\Users\natha\AppData\Local\Programs\MiKTeX\tex/latex/etoolbox\etoolbox.sty
Package: etoolbox 2025/02/11 v2.5l e-TeX tools for LaTeX (JAW)
\etb@tempcnta=\count318
)) (C:\Users\natha\AppData\Local\Programs\MiKTeX\tex/latex/fancyhdr\fancyhdr.st
y
Package: fancyhdr 2025/02/07 v5.2 Extensive control of page headers and footers

\f@nch@headwidth=\skip71
\f@nch@offset@elh=\skip72
\f@nch@offset@erh=\skip73
\f@nch@offset@olh=\skip74
\f@nch@offset@orh=\skip75
\f@nch@offset@elf=\skip76
\f@nch@offset@erf=\skip77
\f@nch@offset@olf=\skip78
\f@nch@offset@orf=\skip79
\f@nch@height=\skip80
\f@nch@footalignment=\skip81
\f@nch@widthL=\skip82
\f@nch@widthC=\skip83
\f@nch@widthR=\skip84
\@temptokenb=\toks34
)) (sphinxlatexstyleheadings.sty
Package: sphinxlatexstyleheadings 2023/02/11 headings

(C:\Users\natha\AppData\Local\Programs\MiKTeX\tex/latex/titlesec\titlesec.sty
Package: titlesec 2025/01/04 v2.17 Sectioning titles
\ttl@box=\box121
\beforetitleunit=\skip85
\aftertitleunit=\skip86
\ttl@plus=\dimen283
\ttl@minus=\dimen284
\ttl@toksa=\toks35
\titlewidth=\dimen285
\titlewidthlast=\dimen286
\titlewidthfirst=\dimen287
)) (sphinxlatexstyletext.sty
Package: sphinxlatexstyletext 2024/07/28 v8.1.0 text styling
) (sphinxlatexobjects.sty
Package: sphinxlatexobjects 2025/02/11 documentation environments
\sphinxsignaturesep=\skip87
\sphinxsignaturelistskip=\skip88
\py@argswidth=\skip89
\lineblockindentation=\skip90
\DUlineblockindent=\skip91
))
(C:\Users\natha\AppData\Local\Programs\MiKTeX\tex/latex/geometry\geometry.sty
Package: geometry 2020/01/02 v5.9 Page Geometry

(C:\Users\natha\AppData\Local\Programs\MiKTeX\tex/generic/iftex\ifvtex.sty
Package: ifvtex 2019/10/25 v1.7 ifvtex legacy package. Use iftex instead.

(C:\Users\natha\AppData\Local\Programs\MiKTeX\tex/generic/iftex\iftex.sty
Package: iftex 2024/12/12 v1.0g TeX engine tests
))
\Gm@cnth=\count319
\Gm@cntv=\count320
\c@Gm@tempcnt=\count321
\Gm@bindingoffset=\dimen288
\Gm@wd@mp=\dimen289
\Gm@odd@mp=\dimen290
\Gm@even@mp=\dimen291
\Gm@layoutwidth=\dimen292
\Gm@layoutheight=\dimen293
\Gm@layouthoffset=\dimen294
\Gm@layoutvoffset=\dimen295
\Gm@dimlist=\toks36

(C:\Users\natha\AppData\Local\Programs\MiKTeX\tex/latex/geometry\geometry.cfg))
(C:\Users\natha\AppData\Local\Programs\MiKTeX\tex/latex/hyperref\hyperref.sty
Package: hyperref 2024-11-05 v7.01l Hypertext links for LaTeX

(C:\Users\natha\AppData\Local\Programs\MiKTeX\tex/generic/kvdefinekeys\kvdefine
keys.sty
Package: kvdefinekeys 2019-12-19 v1.6 Define keys (HO)
)
(C:\Users\natha\AppData\Local\Programs\MiKTeX\tex/generic/pdfescape\pdfescape.s
ty
Package: pdfescape 2019/12/09 v1.15 Implements pdfTeX's escape features (HO)

(C:\Users\natha\AppData\Local\Programs\MiKTeX\tex/generic/pdftexcmds\pdftexcmds
.sty
Package: pdftexcmds 2020-06-27 v0.33 Utility functions of pdfTeX for LuaTeX (HO
)

(C:\Users\natha\AppData\Local\Programs\MiKTeX\tex/generic/infwarerr\infwarerr.s
ty
Package: infwarerr 2019/12/03 v1.5 Providing info/warning/error messages (HO)
)
Package pdftexcmds Info: \pdf@primitive is available.
Package pdftexcmds Info: \pdf@ifprimitive is available.
Package pdftexcmds Info: \pdfdraftmode found.
))
(C:\Users\natha\AppData\Local\Programs\MiKTeX\tex/latex/hycolor\hycolor.sty
Package: hycolor 2020-01-27 v1.10 Color options for hyperref/bookmark (HO)
)
(C:\Users\natha\AppData\Local\Programs\MiKTeX\tex/latex/hyperref\nameref.sty
Package: nameref 2023-11-26 v2.56 Cross-referencing by name of section

(C:\Users\natha\AppData\Local\Programs\MiKTeX\tex/latex/refcount\refcount.sty
Package: refcount 2019/12/15 v3.6 Data extraction from label references (HO)
)
(C:\Users\natha\AppData\Local\Programs\MiKTeX\tex/generic/gettitlestring\gettit
lestring.sty
Package: gettitlestring 2019/12/15 v1.6 Cleanup title references (HO)
)
\c@section@level=\count322
)
(C:\Users\natha\AppData\Local\Programs\MiKTeX\tex/generic/stringenc\stringenc.s
ty
Package: stringenc 2019/11/29 v1.12 Convert strings between diff. encodings (HO
)
)
\@linkdim=\dimen296
\Hy@linkcounter=\count323
\Hy@pagecounter=\count324
 (C:\Users\natha\AppData\Local\Programs\MiKTeX\tex/latex/hyperref\pd1enc.def
File: pd1enc.def 2024-11-05 v7.01l Hyperref: PDFDocEncoding definition (HO)
Now handling font encoding PD1 ...
... no UTF-8 mapping file for font encoding PD1
) (C:\Users\natha\AppData\Local\Programs\MiKTeX\tex/generic/intcalc\intcalc.sty
Package: intcalc 2019/12/15 v1.3 Expandable calculations with integers (HO)
)
\Hy@SavedSpaceFactor=\count325
 (C:\Users\natha\AppData\Local\Programs\MiKTeX\tex/latex/hyperref\puenc.def
File: puenc.def 2024-11-05 v7.01l Hyperref: PDF Unicode definition (HO)
Now handling font encoding PU ...
... no UTF-8 mapping file for font encoding PU
)
Package hyperref Info: Option `unicode' set `true' on input line 4040.
Package hyperref Info: Option `colorlinks' set `true' on input line 4040.
Package hyperref Info: Option `breaklinks' set `true' on input line 4040.
Package hyperref Info: Hyper figures OFF on input line 4157.
Package hyperref Info: Link nesting OFF on input line 4162.
Package hyperref Info: Hyper index ON on input line 4165.
Package hyperref Info: Plain pages OFF on input line 4172.
Package hyperref Info: Backreferencing OFF on input line 4177.
Package hyperref Info: Implicit mode ON; LaTeX internals redefined.
Package hyperref Info: Bookmarks ON on input line 4424.
\c@Hy@tempcnt=\count326

(C:\Users\natha\AppData\Local\Programs\MiKTeX\tex/latex/url\url.sty
\Urlmuskip=\muskip18
Package: url 2013/09/16  ver 3.4  Verb mode for urls, etc.
)
LaTeX Info: Redefining \url on input line 4763.
\XeTeXLinkMargin=\dimen297

(C:\Users\natha\AppData\Local\Programs\MiKTeX\tex/generic/bitset\bitset.sty
Package: bitset 2019/12/09 v1.3 Handle bit-vector datatype (HO)

(C:\Users\natha\AppData\Local\Programs\MiKTeX\tex/generic/bigintcalc\bigintcalc
.sty
Package: bigintcalc 2019/12/15 v1.5 Expandable calculations on big integers (HO
)
))
\Fld@menulength=\count327
\Field@Width=\dimen298
\Fld@charsize=\dimen299
Package hyperref Info: Hyper figures OFF on input line 6042.
Package hyperref Info: Link nesting OFF on input line 6047.
Package hyperref Info: Hyper index ON on input line 6050.
Package hyperref Info: backreferencing OFF on input line 6057.
Package hyperref Info: Link coloring ON on input line 6060.
Package hyperref Info: Link coloring with OCG OFF on input line 6067.
Package hyperref Info: PDF/A mode OFF on input line 6072.

(C:\Users\natha\AppData\Local\Programs\MiKTeX\tex/latex/base\atbegshi-ltx.sty
Package: atbegshi-ltx 2021/01/10 v1.0c Emulation of the original atbegshi
package with kernel methods
)
\Hy@abspage=\count328
\c@Item=\count329
\c@Hfootnote=\count330
)
Package hyperref Info: Driver (autodetected): hpdftex.
(C:\Users\natha\AppData\Local\Programs\MiKTeX\tex/latex/hyperref\hpdftex.def
File: hpdftex.def 2024-11-05 v7.01l Hyperref driver for pdfTeX

(C:\Users\natha\AppData\Local\Programs\MiKTeX\tex/latex/base\atveryend-ltx.sty
Package: atveryend-ltx 2020/08/19 v1.0a Emulation of the original atveryend pac
kage
with kernel methods
)
\Fld@listcount=\count331
\c@bookmark@seq@number=\count332

(C:\Users\natha\AppData\Local\Programs\MiKTeX\tex/latex/rerunfilecheck\rerunfil
echeck.sty
Package: rerunfilecheck 2022-07-10 v1.10 Rerun checks for auxiliary files (HO)

(C:\Users\natha\AppData\Local\Programs\MiKTeX\tex/generic/uniquecounter\uniquec
ounter.sty
Package: uniquecounter 2019/12/15 v1.4 Provide unlimited unique counter (HO)
)
Package uniquecounter Info: New unique counter `rerunfilecheck' on input line 2
85.
)
\Hy@SectionHShift=\skip92
)
(C:\Users\natha\AppData\Local\Programs\MiKTeX\tex/latex/hypcap\hypcap.sty
Package: hypcap 2024-07-26 v1.13 Adjusting the anchors of captions (HO)

(C:\Users\natha\AppData\Local\Programs\MiKTeX\tex/latex/letltxmacro\letltxmacro
.sty
Package: letltxmacro 2019/12/03 v1.6 Let assignment for LaTeX macros (HO)
)) (sphinxmessages.sty
Package: sphinxmessages 2019/01/04 v2.0 Localized LaTeX macros (Sphinx team)
)
\@indexfile=\write4
\openout4 = `campinglemaineblanc.idx'.


Writing index file campinglemaineblanc.idx
LaTeX Font Info:    Trying to load font information for T1+qtm on input line 73
.
(C:\Users\natha\AppData\Local\Programs\MiKTeX\tex/latex/tex-gyre\t1qtm.fd
File: t1qtm.fd 2009/09/25 v1.2 font definition file for T1/qtm
)
(C:\Users\natha\AppData\Local\Programs\MiKTeX\tex/latex/l3backend\l3backend-pdf
tex.def
File: l3backend-pdftex.def 2025-03-14 L3 backend support: PDF output (pdfTeX)
\l__color_backend_stack_int=\count333
) (campinglemaineblanc.aux)
\openout1 = `campinglemaineblanc.aux'.

LaTeX Font Info:    Checking defaults for OML/cmm/m/it on input line 73.
LaTeX Font Info:    ... okay on input line 73.
LaTeX Font Info:    Checking defaults for OMS/cmsy/m/n on input line 73.
LaTeX Font Info:    ... okay on input line 73.
LaTeX Font Info:    Checking defaults for OT1/cmr/m/n on input line 73.
LaTeX Font Info:    ... okay on input line 73.
LaTeX Font Info:    Checking defaults for T1/cmr/m/n on input line 73.
LaTeX Font Info:    ... okay on input line 73.
LaTeX Font Info:    Checking defaults for TS1/cmr/m/n on input line 73.
LaTeX Font Info:    ... okay on input line 73.
LaTeX Font Info:    Checking defaults for OMX/cmex/m/n on input line 73.
LaTeX Font Info:    ... okay on input line 73.
LaTeX Font Info:    Checking defaults for U/cmr/m/n on input line 73.
LaTeX Font Info:    ... okay on input line 73.
LaTeX Font Info:    Checking defaults for PD1/pdf/m/n on input line 73.
LaTeX Font Info:    ... okay on input line 73.
LaTeX Font Info:    Checking defaults for PU/pdf/m/n on input line 73.
LaTeX Font Info:    ... okay on input line 73.

(C:\Users\natha\AppData\Local\Programs\MiKTeX\tex/context/base/mkii\supp-pdf.mk
ii
[Loading MPS to PDF converter (version 2006.09.02).]
\scratchcounter=\count334
\scratchdimen=\dimen300
\scratchbox=\box122
\nofMPsegments=\count335
\nofMParguments=\count336
\everyMPshowfont=\toks37
\MPscratchCnt=\count337
\MPscratchDim=\dimen301
\MPnumerator=\count338
\makeMPintoPDFobject=\count339
\everyMPtoPDFconversion=\toks38
)
(C:\Users\natha\AppData\Local\Programs\MiKTeX\tex/latex/epstopdf-pkg\epstopdf-b
ase.sty
Package: epstopdf-base 2020-01-24 v2.11 Base part for package epstopdf
Package epstopdf-base Info: Redefining graphics rule for `.eps' on input line 4
85.

(C:\Users\natha\AppData\Local\Programs\MiKTeX\tex/latex/00miktex\epstopdf-sys.c
fg
File: epstopdf-sys.cfg 2021/03/18 v2.0 Configuration of epstopdf for MiKTeX
))
(C:\Users\natha\AppData\Local\Programs\MiKTeX\tex/latex/fontawesome5\fontawesom
e5.sty
(C:\Users\natha\AppData\Local\Programs\MiKTeX\tex/latex/l3kernel\expl3.sty
Package: expl3 2025-03-26 L3 programming layer (loader) 
)
Package: fontawesome5 2022/05/02 v5.15.4 Font Awesome 5

(C:\Users\natha\AppData\Local\Programs\MiKTeX\tex/latex/l3packages/l3keys2e\l3k
eys2e.sty
Package: l3keys2e 2024-08-16 LaTeX2e option processing using LaTeX3 keys
)
(C:\Users\natha\AppData\Local\Programs\MiKTeX\tex/latex/l3packages/xparse\xpars
e.sty
Package: xparse 2024-08-16 L3 Experimental document command parser
)
(C:\Users\natha\AppData\Local\Programs\MiKTeX\tex/latex/fontawesome5\fontawesom
e5-generic-helper.sty
Package: fontawesome5-generic-helper 2022/05/02 v5.15.4 non-uTeX helper for fon
tawesome5

(C:\Users\natha\AppData\Local\Programs\MiKTeX\tex/latex/fontawesome5\fontawesom
e5-mapping.def)))
\c@literalblock=\count340

*geometry* driver: auto-detecting
*geometry* detected driver: pdftex
*geometry* verbose mode - [ preamble ] result:
* driver: pdftex
* paper: letterpaper
* layout: <same size as paper>
* layoutoffset:(h,v)=(0.0pt,0.0pt)
* modes: twoside 
* h-part:(L,W,R)=(72.26999pt, 469.75502pt, 72.26999pt)
* v-part:(T,H,B)=(72.26999pt, 650.43001pt, 72.26999pt)
* \paperwidth=614.295pt
* \paperheight=794.96999pt
* \textwidth=469.75502pt
* \textheight=650.43001pt
* \oddsidemargin=0.0pt
* \evensidemargin=0.0pt
* \topmargin=-37.0pt
* \headheight=12.0pt
* \headsep=25.0pt
* \topskip=10.0pt
* \footskip=30.0pt
* \marginparwidth=36.135pt
* \marginparsep=11.0pt
* \columnsep=10.0pt
* \skip\footins=9.0pt plus 4.0pt minus 2.0pt
* \hoffset=0.0pt
* \voffset=0.0pt
* \mag=1000
* \@twocolumnfalse
* \@twosidetrue
* \@mparswitchtrue
* \@reversemarginfalse
* (1in=72.27pt=25.4mm, 1cm=28.453pt)

Package hyperref Info: Link coloring ON on input line 73.
(campinglemaineblanc.out) (campinglemaineblanc.out)
\@outlinefile=\write5
\openout5 = `campinglemaineblanc.out'.

Package hyperref Info: Option `pageanchor' set `false' on input line 81.
LaTeX Font Info:    Trying to load font information for T1+qhv on input line 81
.

(C:\Users\natha\AppData\Local\Programs\MiKTeX\tex/latex/tex-gyre\t1qhv.fd
File: t1qhv.fd 2009/09/25 v1.2 font definition file for T1/qhv
)<<ot1.cmap>><<oml.cmap>><<oms.cmap>><<omx.cmap>>
LaTeX Font Info:    Trying to load font information for U+msa on input line 81.


(C:\Users\natha\AppData\Local\Programs\MiKTeX\tex/latex/amsfonts\umsa.fd
File: umsa.fd 2013/01/14 v3.01 AMS symbols A
)
LaTeX Font Info:    Trying to load font information for U+msb on input line 81.


(C:\Users\natha\AppData\Local\Programs\MiKTeX\tex/latex/amsfonts\umsb.fd
File: umsb.fd 2013/01/14 v3.01 AMS symbols B
)

[1

{C:/Users/natha/AppData/Local/MiKTeX/fonts/map/pdftex/pdftex.map}{C:/Users/nath
a/AppData/Local/Programs/MiKTeX/fonts/enc/dvips/tex-gyre/q-ec.enc}]

[2


] (campinglemaineblanc.toc)
\tf@toc=\write6
\openout6 = `campinglemaineblanc.toc'.



[1

]

[2

]
LaTeX Font Info:    Trying to load font information for T1+txtt on input line 9
5.
 (C:\Users\natha\AppData\Local\Programs\MiKTeX\tex/latex/txfonts\t1txtt.fd
File: t1txtt.fd 2000/12/15 v3.1
)

[1]

[2

]
Chapter 1.
LaTeX Font Info:    Trying to load font information for TS1+qtm on input line 1
05.
(C:\Users\natha\AppData\Local\Programs\MiKTeX\tex/latex/tex-gyre\ts1qtm.fd
File: ts1qtm.fd 2009/09/25 v1.2 font definition file for TS1/qtm
)
LaTeX Font Info:    Font shape `T1/txtt/b/n' in size <10> not available
(Font)              Font shape `T1/txtt/bx/n' tried instead on input line 118.
LaTeX Font Info:    Trying to load font information for TS1+txtt on input line 
154.

(C:\Users\natha\AppData\Local\Programs\MiKTeX\tex/latex/txfonts\ts1txtt.fd
File: ts1txtt.fd 2000/12/15 v3.1
)
Underfull \hbox (badness 7722) in paragraph at lines 160--163
[]\T1/qtm/m/n/10 Most of the im-ple-men-ta-tion is del-e-gated to a dy-nam-i-ca
lly de-fined man-ager class built by
 []



[3{C:/Users/natha/AppData/Local/Programs/MiKTeX/fonts/enc/dvips/tex-gyre/q-ts1.
enc}]
Underfull \hbox (badness 7722) in paragraph at lines 416--419
[]\T1/qtm/m/n/10 Most of the im-ple-men-ta-tion is del-e-gated to a dy-nam-i-ca
lly de-fined man-ager class built by
 []



[4]
Underfull \hbox (badness 7722) in paragraph at lines 560--563
[]\T1/qtm/m/n/10 Most of the im-ple-men-ta-tion is del-e-gated to a dy-nam-i-ca
lly de-fined man-ager class built by
 []



[5]

[6]
Underfull \hbox (badness 7722) in paragraph at lines 825--828
[]\T1/qtm/m/n/10 Most of the im-ple-men-ta-tion is del-e-gated to a dy-nam-i-ca
lly de-fined man-ager class built by
 []

LaTeX Font Info:    Font shape `T1/txtt/m/it' in size <10> not available
(Font)              Font shape `T1/txtt/m/sl' tried instead on input line 927.


[7]

[8]

[9]

[10]

[11]
LaTeX Font Info:    Font shape `TS1/txtt/b/n' in size <10> not available
(Font)              Font shape `TS1/txtt/bx/n' tried instead on input line 1.


[12]

[13]

[14]

[15]
Overfull \hbox (24.20372pt too wide) in paragraph at lines 2684--2684
[]\T1/qtm/m/it/10 mock_translate\T1/qtm/m/n/10 , 
 []


Overfull \hbox (7.9287pt too wide) in paragraph at lines 2684--2684
\T1/qtm/m/it/10 mock_send\T1/qtm/m/n/10 , 
 []


Overfull \hbox (58.85869pt too wide) in paragraph at lines 2684--2684
\T1/qtm/m/it/10 valid_reservation_data\T1/txtt/m/n/10 )|  
 []



[16]

[17]
Underfull \hbox (badness 7722) in paragraph at lines 3074--3077
[]\T1/qtm/m/n/10 Most of the im-ple-men-ta-tion is del-e-gated to a dy-nam-i-ca
lly de-fined man-ager class built by
 []



[18]

[19]
Underfull \hbox (badness 7722) in paragraph at lines 3551--3554
[]\T1/qtm/m/n/10 Most of the im-ple-men-ta-tion is del-e-gated to a dy-nam-i-ca
lly de-fined man-ager class built by
 []



[20]

[21]

[22]

[23]

[24]

[25]

[26]

[27]
Underfull \hbox (badness 7722) in paragraph at lines 5155--5158
[]\T1/qtm/m/n/10 Most of the im-ple-men-ta-tion is del-e-gated to a dy-nam-i-ca
lly de-fined man-ager class built by
 []



[28]
Underfull \hbox (badness 7722) in paragraph at lines 5334--5337
[]\T1/qtm/m/n/10 Most of the im-ple-men-ta-tion is del-e-gated to a dy-nam-i-ca
lly de-fined man-ager class built by
 []



[29]

[30]

[31]

[32]

[33]

[34]

[35]

[36]

[37]

[38]

[39]

[40]

[41]
Overfull \hbox (22.02878pt too wide) in paragraph at lines 7675--7675
\T1/qtm/m/it/10 valid_booking_data\T1/qtm/m/n/10 , 
 []


Overfull \hbox (21.54877pt too wide) in paragraph at lines 7675--7675
\T1/qtm/m/it/10 client_details_data\T1/txtt/m/n/10 )|  
 []



[42]



[43



] (campinglemaineblanc.ind

[44


]
Underfull \hbox (badness 10000) in paragraph at lines 9--11
[]\T1/txtt/m/n/10 ACCOMMODATION_CHOICES \T1/qtm/m/n/10 (\T1/qtm/m/it/10 reser-v
a-
 []


Underfull \hbox (badness 10000) in paragraph at lines 17--18
[]\T1/txtt/m/n/10 arrivals_end_high \T1/qtm/m/n/10 (\T1/qtm/m/it/10 core.models
.CampingInfo at-
 []


Overfull \hbox (12.63217pt too wide) in paragraph at lines 18--20
[]\T1/txtt/m/n/10 arrivals_end_high \T1/qtm/m/n/10 (\T1/qtm/m/it/10 core.models
.CampingInfoTranslation
 []


Underfull \hbox (badness 10000) in paragraph at lines 20--21
[]\T1/txtt/m/n/10 arrivals_end_low \T1/qtm/m/n/10 (\T1/qtm/m/it/10 core.models.
CampingInfo at-
 []


Overfull \hbox (7.38219pt too wide) in paragraph at lines 21--23
[]\T1/txtt/m/n/10 arrivals_end_low \T1/qtm/m/n/10 (\T1/qtm/m/it/10 core.models.
CampingInfoTranslation
 []


Underfull \hbox (badness 10000) in paragraph at lines 24--26
[]\T1/txtt/m/n/10 arrivals_start_high
 []


Underfull \hbox (badness 10000) in paragraph at lines 24--26
\T1/qtm/m/n/10 (\T1/qtm/m/it/10 core.models.CampingInfoTranslation at-
 []


Underfull \hbox (badness 6961) in paragraph at lines 30--32
[]\T1/txtt/m/n/10 bar_hours_end \T1/qtm/m/n/10 (\T1/qtm/m/it/10 core.models.Foo
dInfoTranslation at-
 []


Underfull \hbox (badness 10000) in paragraph at lines 35--36
[]\T1/txtt/m/n/10 base_fields \T1/qtm/m/n/10 (\T1/qtm/m/it/10 book-ings.admin.P
riceAdminForm at-
 []


Underfull \hbox (badness 10000) in paragraph at lines 40--42
[]\T1/txtt/m/n/10 base_fields \T1/qtm/m/n/10 (\T1/qtm/m/it/10 reser-va-
 []


Underfull \hbox (badness 10000) in paragraph at lines 42--44
[]\T1/txtt/m/n/10 bed_linen_rental \T1/qtm/m/n/10 (\T1/qtm/m/it/10 book-
 []


Underfull \hbox (badness 10000) in paragraph at lines 42--44
\T1/qtm/m/it/10 ings.models.SupplementMobileHome at-
 []




Underfull \hbox (badness 10000) in paragraph at lines 44--46
[]\T1/txtt/m/n/10 bed_linen_rental \T1/qtm/m/n/10 (\T1/qtm/m/it/10 book-
 []


Overfull \hbox (4.57248pt too wide) in paragraph at lines 44--46
\T1/qtm/m/it/10 ings.models.SupplementMobileHomeTranslation
 []


Underfull \hbox (badness 10000) in paragraph at lines 57--59
[]\T1/txtt/m/n/10 BOOKING_TYPE_CHOICES_FOR_FORM \T1/qtm/m/n/10 (\T1/qtm/m/it/10
 book-
 []


Underfull \hbox (badness 10000) in paragraph at lines 57--59
\T1/qtm/m/it/10 ings.forms.BookingFormClassic at-tribute\T1/qtm/m/n/10 ),
 []



[45

]
Underfull \hbox (badness 10000) in paragraph at lines 83--85
[]\T1/txtt/m/n/10 bread_hours_reservations \T1/qtm/m/n/10 (\T1/qtm/m/it/10 core
.models.FoodInfo
 []


Underfull \hbox (badness 10000) in paragraph at lines 85--87
[]\T1/txtt/m/n/10 bread_hours_reservations
 []


Underfull \hbox (badness 10000) in paragraph at lines 91--93
[]\T1/txtt/m/n/10 burger_food_days \T1/qtm/m/n/10 (\T1/qtm/m/it/10 core.models.
FoodInfoTranslation
 []


Underfull \hbox (badness 10000) in paragraph at lines 93--94
[]\T1/txtt/m/n/10 burger_food_hours_end \T1/qtm/m/n/10 (\T1/qtm/m/it/10 core.mo
dels.FoodInfo
 []


Underfull \hbox (badness 10000) in paragraph at lines 94--96
[]\T1/txtt/m/n/10 burger_food_hours_end
 []


Underfull \hbox (badness 10000) in paragraph at lines 98--100
[]\T1/txtt/m/n/10 burger_food_hours_start
 []


Underfull \hbox (badness 10000) in paragraph at lines 104--105
[]\T1/txtt/m/n/10 calculate_deposit() \T1/qtm/m/n/10 (\T1/qtm/m/it/10 book-ings
.models.Booking
 []


Overfull \hbox (14.1218pt too wide) in paragraph at lines 112--113
[]\T1/txtt/m/n/10 CampingInfoTranslation.MultipleObjectsReturned\T1/qtm/m/n/10 
,
 []


Underfull \hbox (badness 10000) in paragraph at lines 117--119
[]\T1/txtt/m/n/10 changefreq \T1/qtm/m/n/10 (\T1/qtm/m/it/10 core.sitemaps.Mult
ilingualStaticSitemap
 []


Underfull \hbox (badness 10000) in paragraph at lines 120--122
[]\T1/txtt/m/n/10 child_over_8_price \T1/qtm/m/n/10 (\T1/qtm/m/it/10 book-
 []


Underfull \hbox (badness 10000) in paragraph at lines 120--122
\T1/qtm/m/it/10 ings.models.SupplementPrice at-tribute\T1/qtm/m/n/10 ),
 []


Underfull \hbox (badness 10000) in paragraph at lines 122--124
[]\T1/txtt/m/n/10 child_under_8_price \T1/qtm/m/n/10 (\T1/qtm/m/it/10 book-
 []


Underfull \hbox (badness 10000) in paragraph at lines 122--124
\T1/qtm/m/it/10 ings.models.SupplementPrice at-tribute\T1/qtm/m/n/10 ),
 []


Underfull \hbox (badness 10000) in paragraph at lines 125--126
[]\T1/txtt/m/n/10 children_under_8 \T1/qtm/m/n/10 (\T1/qtm/m/it/10 book-ings.mo
dels.Booking at-
 []




Underfull \hbox (badness 10000) in paragraph at lines 132--134
[]\T1/txtt/m/n/10 clean() \T1/qtm/m/n/10 (\T1/qtm/m/it/10 reser-va-tions.forms.
ReservationRequestForm
 []


Underfull \hbox (badness 10000) in paragraph at lines 134--136
[]\T1/txtt/m/n/10 cleaning_deposit \T1/qtm/m/n/10 (\T1/qtm/m/it/10 book-
 []


Underfull \hbox (badness 10000) in paragraph at lines 134--136
\T1/qtm/m/it/10 ings.models.SupplementMobileHome at-
 []


Underfull \hbox (badness 10000) in paragraph at lines 136--138
[]\T1/txtt/m/n/10 cleaning_deposit \T1/qtm/m/n/10 (\T1/qtm/m/it/10 book-
 []


Overfull \hbox (4.57248pt too wide) in paragraph at lines 136--138
\T1/qtm/m/it/10 ings.models.SupplementMobileHomeTranslation
 []


Underfull \hbox (badness 10000) in paragraph at lines 138--140
[]\T1/txtt/m/n/10 client_details_data() \T1/qtm/m/n/10 (\T1/qtm/m/it/10 in mod-
ule book-
 []


Underfull \hbox (badness 10000) in paragraph at lines 156--157
[]\T1/txtt/m/n/10 created_at_display() \T1/qtm/m/n/10 (\T1/qtm/m/it/10 book-ing
s.models.Booking
 []


Underfull \hbox (badness 10000) in paragraph at lines 163--165
[]\T1/txtt/m/n/10 declared_fields \T1/qtm/m/n/10 (\T1/qtm/m/it/10 book-ings.adm
in.PriceAdminForm
 []


Underfull \hbox (badness 10000) in paragraph at lines 165--167
[]\T1/txtt/m/n/10 declared_fields \T1/qtm/m/n/10 (\T1/qtm/m/it/10 book-
 []


Underfull \hbox (badness 10000) in paragraph at lines 165--167
\T1/qtm/m/it/10 ings.forms.BookingDetailsForm at-tribute\T1/qtm/m/n/10 ),
 []


Underfull \hbox (badness 10000) in paragraph at lines 167--169
[]\T1/txtt/m/n/10 declared_fields \T1/qtm/m/n/10 (\T1/qtm/m/it/10 book-
 []


Underfull \hbox (badness 10000) in paragraph at lines 167--169
\T1/qtm/m/it/10 ings.forms.BookingFormClassic at-tribute\T1/qtm/m/n/10 ),
 []


Underfull \hbox (badness 10000) in paragraph at lines 169--171
[]\T1/txtt/m/n/10 declared_fields \T1/qtm/m/n/10 (\T1/qtm/m/it/10 reser-va-
 []


Underfull \hbox (badness 10000) in paragraph at lines 171--173
[]\T1/txtt/m/n/10 default_auto_field \T1/qtm/m/n/10 (\T1/qtm/m/it/10 book-ings.
apps.BookingsConfig
 []



[46]
Underfull \hbox (badness 10000) in paragraph at lines 174--176
[]\T1/txtt/m/n/10 default_auto_field \T1/qtm/m/n/10 (\T1/qtm/m/it/10 reser-va-
 []


Underfull \hbox (badness 10000) in paragraph at lines 174--176
\T1/qtm/m/it/10 tions.apps.ReservationsConfig at-tribute\T1/qtm/m/n/10 ),
 []


Underfull \hbox (badness 10000) in paragraph at lines 177--179
[]\T1/txtt/m/n/10 departure_end \T1/qtm/m/n/10 (\T1/qtm/m/it/10 core.models.Cam
pingInfoTranslation
 []


Underfull \hbox (badness 10000) in paragraph at lines 180--181
[]\T1/txtt/m/n/10 description_de \T1/qtm/m/n/10 (\T1/qtm/m/it/10 book-ings.mode
ls.MobileHome
 []


Underfull \hbox (badness 10000) in paragraph at lines 181--182
[]\T1/txtt/m/n/10 description_en \T1/qtm/m/n/10 (\T1/qtm/m/it/10 book-ings.mode
ls.MobileHome
 []


Underfull \hbox (badness 10000) in paragraph at lines 182--183
[]\T1/txtt/m/n/10 description_es \T1/qtm/m/n/10 (\T1/qtm/m/it/10 book-ings.mode
ls.MobileHome
 []


Underfull \hbox (badness 10000) in paragraph at lines 183--184
[]\T1/txtt/m/n/10 description_nl \T1/qtm/m/n/10 (\T1/qtm/m/it/10 book-ings.mode
ls.MobileHome
 []


Underfull \hbox (badness 10000) in paragraph at lines 192--194
[]\T1/txtt/m/n/10 ELECTRICITY_CHOICES \T1/qtm/m/n/10 (\T1/qtm/m/it/10 book-
 []


Underfull \hbox (badness 10000) in paragraph at lines 192--194
\T1/qtm/m/it/10 ings.forms.BookingFormClassic at-tribute\T1/qtm/m/n/10 ),
 []


Underfull \hbox (badness 10000) in paragraph at lines 195--197
[]\T1/txtt/m/n/10 ELECTRICITY_CHOICES \T1/qtm/m/n/10 (\T1/qtm/m/it/10 reser-va-

 []


Underfull \hbox (badness 10000) in paragraph at lines 200--202
[]\T1/txtt/m/n/10 extra_adult_price \T1/qtm/m/n/10 (\T1/qtm/m/it/10 book-
 []


Underfull \hbox (badness 10000) in paragraph at lines 200--202
\T1/qtm/m/it/10 ings.models.SupplementPrice at-tribute\T1/qtm/m/n/10 ),
 []


Underfull \hbox (badness 10000) in paragraph at lines 206--208
[]\T1/txtt/m/n/10 extra_vehicle_price \T1/qtm/m/n/10 (\T1/qtm/m/it/10 book-
 []


Underfull \hbox (badness 10000) in paragraph at lines 206--208
\T1/qtm/m/it/10 ings.models.SupplementPrice at-tribute\T1/qtm/m/n/10 ),
 []


Underfull \hbox (badness 10000) in paragraph at lines 211--212
[]\T1/txtt/m/n/10 fields \T1/qtm/m/n/10 (\T1/qtm/m/it/10 book-ings.admin.PriceA
dminForm.Meta at-
 []




Underfull \hbox (badness 10000) in paragraph at lines 216--217
[]\T1/txtt/m/n/10 fieldsets \T1/qtm/m/n/10 (\T1/qtm/m/it/10 book-ings.admin.Mob
ileHomeAdmin at-
 []


Underfull \hbox (badness 10000) in paragraph at lines 217--218
[]\T1/txtt/m/n/10 fieldsets \T1/qtm/m/n/10 (\T1/qtm/m/it/10 book-ings.admin.Oth
erPriceAdmin at-
 []


Underfull \hbox (badness 10000) in paragraph at lines 219--220
[]\T1/txtt/m/n/10 fieldsets \T1/qtm/m/n/10 (\T1/qtm/m/it/10 book-ings.admin.Sea
sonInfoAdmin at-
 []


Overfull \hbox (13.46237pt too wide) in paragraph at lines 220--222
[]\T1/txtt/m/n/10 fieldsets \T1/qtm/m/n/10 (\T1/qtm/m/it/10 book-ings.admin.Sup
plementMobileHomeAdmin
 []


Underfull \hbox (badness 10000) in paragraph at lines 230--231
[]\T1/txtt/m/n/10 FoodInfoTranslation.MultipleObjectsReturned\T1/qtm/m/n/10 ,
 []


Underfull \hbox (badness 10000) in paragraph at lines 235--237
[]\T1/txtt/m/n/10 get_booking_subtype_display() \T1/qtm/m/n/10 (\T1/qtm/m/it/10
 book-
 []


Underfull \hbox (badness 10000) in paragraph at lines 237--239
[]\T1/txtt/m/n/10 get_booking_type_display() \T1/qtm/m/n/10 (\T1/qtm/m/it/10 bo
ok-
 []


Underfull \hbox (badness 10000) in paragraph at lines 239--241
[]\T1/txtt/m/n/10 get_booking_type_display() \T1/qtm/m/n/10 (\T1/qtm/m/it/10 bo
ok-
 []


Underfull \hbox (badness 10000) in paragraph at lines 241--243
[]\T1/txtt/m/n/10 get_booking_type_display() \T1/qtm/m/n/10 (\T1/qtm/m/it/10 bo
ok-
 []


Underfull \hbox (badness 10000) in paragraph at lines 243--245
[]\T1/txtt/m/n/10 get_electricity_display() \T1/qtm/m/n/10 (\T1/qtm/m/it/10 boo
k-
 []


Underfull \hbox (badness 10000) in paragraph at lines 245--247
[]\T1/txtt/m/n/10 get_language_code_display() \T1/qtm/m/n/10 (\T1/qtm/m/it/10 b
ook-
 []


Underfull \hbox (badness 10000) in paragraph at lines 245--247
\T1/qtm/m/it/10 ings.models.OtherPriceTranslation method\T1/qtm/m/n/10 ),
 []


Underfull \hbox (badness 10000) in paragraph at lines 247--249
[]\T1/txtt/m/n/10 get_language_code_display() \T1/qtm/m/n/10 (\T1/qtm/m/it/10 b
ook-
 []


Underfull \hbox (badness 10000) in paragraph at lines 247--249
\T1/qtm/m/it/10 ings.models.SeasonInfoTranslation method\T1/qtm/m/n/10 ),
 []


Underfull \hbox (badness 10000) in paragraph at lines 249--251
[]\T1/txtt/m/n/10 get_language_code_display() \T1/qtm/m/n/10 (\T1/qtm/m/it/10 b
ook-
 []


Overfull \hbox (4.57248pt too wide) in paragraph at lines 249--251
\T1/qtm/m/it/10 ings.models.SupplementMobileHomeTranslation
 []


Underfull \hbox (badness 10000) in paragraph at lines 251--253
[]\T1/txtt/m/n/10 get_language_code_display()
 []


Underfull \hbox (badness 10000) in paragraph at lines 253--255
[]\T1/txtt/m/n/10 get_language_code_display()
 []


Underfull \hbox (badness 10000) in paragraph at lines 253--255
\T1/qtm/m/n/10 (\T1/qtm/m/it/10 core.models.FoodInfoTranslation method\T1/qtm/m
/n/10 ),
 []


Underfull \hbox (badness 10000) in paragraph at lines 255--257
[]\T1/txtt/m/n/10 get_language_code_display()
 []


Underfull \hbox (badness 10000) in paragraph at lines 257--259
[]\T1/txtt/m/n/10 get_language_code_display()
 []


Underfull \hbox (badness 10000) in paragraph at lines 257--259
\T1/qtm/m/n/10 (\T1/qtm/m/it/10 core.models.SwimmingPoolInfoTranslation
 []



[47]
Underfull \hbox (badness 10000) in paragraph at lines 259--261
[]\T1/txtt/m/n/10 get_next_by_created_at() \T1/qtm/m/n/10 (\T1/qtm/m/it/10 book
-
 []


Underfull \hbox (badness 10000) in paragraph at lines 261--263
[]\T1/txtt/m/n/10 get_next_by_end_date() \T1/qtm/m/n/10 (\T1/qtm/m/it/10 book-i
ngs.models.Booking
 []


Underfull \hbox (badness 10000) in paragraph at lines 263--265
[]\T1/txtt/m/n/10 get_next_by_high_season_end() \T1/qtm/m/n/10 (\T1/qtm/m/it/10
 book-
 []


Underfull \hbox (badness 10000) in paragraph at lines 263--265
\T1/qtm/m/it/10 ings.models.SeasonInfoTranslation method\T1/qtm/m/n/10 ),
 []


Underfull \hbox (badness 10000) in paragraph at lines 265--267
[]\T1/txtt/m/n/10 get_next_by_high_season_start() \T1/qtm/m/n/10 (\T1/qtm/m/it/
10 book-
 []


Underfull \hbox (badness 10000) in paragraph at lines 265--267
\T1/qtm/m/it/10 ings.models.SeasonInfoTranslation method\T1/qtm/m/n/10 ),
 []


Underfull \hbox (badness 10000) in paragraph at lines 267--269
[]\T1/txtt/m/n/10 get_next_by_low_season_end() \T1/qtm/m/n/10 (\T1/qtm/m/it/10 
book-
 []


Underfull \hbox (badness 10000) in paragraph at lines 267--269
\T1/qtm/m/it/10 ings.models.SeasonInfoTranslation method\T1/qtm/m/n/10 ),
 []


Underfull \hbox (badness 10000) in paragraph at lines 269--271
[]\T1/txtt/m/n/10 get_next_by_low_season_start() \T1/qtm/m/n/10 (\T1/qtm/m/it/1
0 book-
 []


Underfull \hbox (badness 10000) in paragraph at lines 269--271
\T1/qtm/m/it/10 ings.models.SeasonInfoTranslation method\T1/qtm/m/n/10 ),
 []


Underfull \hbox (badness 10000) in paragraph at lines 271--273
[]\T1/txtt/m/n/10 get_next_by_mid_season_end_1() \T1/qtm/m/n/10 (\T1/qtm/m/it/1
0 book-
 []


Underfull \hbox (badness 10000) in paragraph at lines 271--273
\T1/qtm/m/it/10 ings.models.SeasonInfoTranslation method\T1/qtm/m/n/10 ),
 []


Underfull \hbox (badness 10000) in paragraph at lines 273--275
[]\T1/txtt/m/n/10 get_next_by_mid_season_end_2() \T1/qtm/m/n/10 (\T1/qtm/m/it/1
0 book-
 []


Underfull \hbox (badness 10000) in paragraph at lines 273--275
\T1/qtm/m/it/10 ings.models.SeasonInfoTranslation method\T1/qtm/m/n/10 ),
 []


Underfull \hbox (badness 10000) in paragraph at lines 275--277
[]\T1/txtt/m/n/10 get_next_by_mid_season_start_1() \T1/qtm/m/n/10 (\T1/qtm/m/it
/10 book-
 []


Underfull \hbox (badness 10000) in paragraph at lines 275--277
\T1/qtm/m/it/10 ings.models.SeasonInfoTranslation method\T1/qtm/m/n/10 ),
 []


Underfull \hbox (badness 10000) in paragraph at lines 277--279
[]\T1/txtt/m/n/10 get_next_by_mid_season_start_2() \T1/qtm/m/n/10 (\T1/qtm/m/it
/10 book-
 []


Underfull \hbox (badness 10000) in paragraph at lines 277--279
\T1/qtm/m/it/10 ings.models.SeasonInfoTranslation method\T1/qtm/m/n/10 ),
 []


Underfull \hbox (badness 10000) in paragraph at lines 279--281
[]\T1/txtt/m/n/10 get_next_by_start_date() \T1/qtm/m/n/10 (\T1/qtm/m/it/10 book
-
 []


Underfull \hbox (badness 10000) in paragraph at lines 281--283
[]\T1/txtt/m/n/10 get_next_by_tourist_tax_date() \T1/qtm/m/n/10 (\T1/qtm/m/it/1
0 book-
 []


Underfull \hbox (badness 10000) in paragraph at lines 281--283
\T1/qtm/m/it/10 ings.models.OtherPriceTranslation method\T1/qtm/m/n/10 ),
 []


Underfull \hbox (badness 10000) in paragraph at lines 283--285
[]\T1/txtt/m/n/10 get_next_by_updated_at() \T1/qtm/m/n/10 (\T1/qtm/m/it/10 book
-
 []


Underfull \hbox (badness 10000) in paragraph at lines 285--287
[]\T1/txtt/m/n/10 get_previous_by_created_at() \T1/qtm/m/n/10 (\T1/qtm/m/it/10 
book-
 []


Underfull \hbox (badness 10000) in paragraph at lines 287--289
[]\T1/txtt/m/n/10 get_previous_by_end_date() \T1/qtm/m/n/10 (\T1/qtm/m/it/10 bo
ok-
 []


Underfull \hbox (badness 10000) in paragraph at lines 289--291
[]\T1/txtt/m/n/10 get_previous_by_high_season_end() \T1/qtm/m/n/10 (\T1/qtm/m/i
t/10 book-
 []


Underfull \hbox (badness 10000) in paragraph at lines 289--291
\T1/qtm/m/it/10 ings.models.SeasonInfoTranslation method\T1/qtm/m/n/10 ),
 []


Underfull \hbox (badness 10000) in paragraph at lines 291--293
[]\T1/txtt/m/n/10 get_previous_by_high_season_start() \T1/qtm/m/n/10 (\T1/qtm/m
/it/10 book-
 []


Underfull \hbox (badness 10000) in paragraph at lines 291--293
\T1/qtm/m/it/10 ings.models.SeasonInfoTranslation method\T1/qtm/m/n/10 ),
 []


Underfull \hbox (badness 10000) in paragraph at lines 293--295
[]\T1/txtt/m/n/10 get_previous_by_low_season_end() \T1/qtm/m/n/10 (\T1/qtm/m/it
/10 book-
 []


Underfull \hbox (badness 10000) in paragraph at lines 293--295
\T1/qtm/m/it/10 ings.models.SeasonInfoTranslation method\T1/qtm/m/n/10 ),
 []


Underfull \hbox (badness 10000) in paragraph at lines 295--297
[]\T1/txtt/m/n/10 get_previous_by_low_season_start() \T1/qtm/m/n/10 (\T1/qtm/m/
it/10 book-
 []


Underfull \hbox (badness 10000) in paragraph at lines 295--297
\T1/qtm/m/it/10 ings.models.SeasonInfoTranslation method\T1/qtm/m/n/10 ),
 []


Underfull \hbox (badness 10000) in paragraph at lines 297--299
[]\T1/txtt/m/n/10 get_previous_by_mid_season_end_1() \T1/qtm/m/n/10 (\T1/qtm/m/
it/10 book-
 []


Underfull \hbox (badness 10000) in paragraph at lines 297--299
\T1/qtm/m/it/10 ings.models.SeasonInfoTranslation method\T1/qtm/m/n/10 ),
 []




Underfull \hbox (badness 10000) in paragraph at lines 299--301
[]\T1/txtt/m/n/10 get_previous_by_mid_season_end_2() \T1/qtm/m/n/10 (\T1/qtm/m/
it/10 book-
 []


Underfull \hbox (badness 10000) in paragraph at lines 299--301
\T1/qtm/m/it/10 ings.models.SeasonInfoTranslation method\T1/qtm/m/n/10 ),
 []


Underfull \hbox (badness 10000) in paragraph at lines 301--303
[]\T1/txtt/m/n/10 get_previous_by_mid_season_start_1() \T1/qtm/m/n/10 (\T1/qtm/
m/it/10 book-
 []


Underfull \hbox (badness 10000) in paragraph at lines 301--303
\T1/qtm/m/it/10 ings.models.SeasonInfoTranslation method\T1/qtm/m/n/10 ),
 []


Underfull \hbox (badness 10000) in paragraph at lines 303--305
[]\T1/txtt/m/n/10 get_previous_by_mid_season_start_2() \T1/qtm/m/n/10 (\T1/qtm/
m/it/10 book-
 []


Underfull \hbox (badness 10000) in paragraph at lines 303--305
\T1/qtm/m/it/10 ings.models.SeasonInfoTranslation method\T1/qtm/m/n/10 ),
 []


Underfull \hbox (badness 10000) in paragraph at lines 305--307
[]\T1/txtt/m/n/10 get_previous_by_start_date() \T1/qtm/m/n/10 (\T1/qtm/m/it/10 
book-
 []


Underfull \hbox (badness 10000) in paragraph at lines 307--309
[]\T1/txtt/m/n/10 get_previous_by_tourist_tax_date() \T1/qtm/m/n/10 (\T1/qtm/m/
it/10 book-
 []


Underfull \hbox (badness 10000) in paragraph at lines 307--309
\T1/qtm/m/it/10 ings.models.OtherPriceTranslation method\T1/qtm/m/n/10 ),
 []


Underfull \hbox (badness 10000) in paragraph at lines 309--311
[]\T1/txtt/m/n/10 get_previous_by_updated_at() \T1/qtm/m/n/10 (\T1/qtm/m/it/10 
book-
 []


Underfull \hbox (badness 10000) in paragraph at lines 312--313
[]\T1/txtt/m/n/10 get_season_display() \T1/qtm/m/n/10 (\T1/qtm/m/it/10 book-ing
s.models.Price
 []


Underfull \hbox (badness 10000) in paragraph at lines 316--317
[]\T1/txtt/m/n/10 high_season_end \T1/qtm/m/n/10 (\T1/qtm/m/it/10 book-ings.mod
els.SeasonInfo at-
 []


Underfull \hbox (badness 10000) in paragraph at lines 317--319
[]\T1/txtt/m/n/10 high_season_end \T1/qtm/m/n/10 (\T1/qtm/m/it/10 book-
 []


Underfull \hbox (badness 10000) in paragraph at lines 317--319
\T1/qtm/m/it/10 ings.models.SeasonInfoTranslation at-tribute\T1/qtm/m/n/10 ),
 []


Underfull \hbox (badness 10000) in paragraph at lines 321--323
[]\T1/txtt/m/n/10 high_season_start \T1/qtm/m/n/10 (\T1/qtm/m/it/10 book-
 []


Underfull \hbox (badness 10000) in paragraph at lines 321--323
\T1/qtm/m/it/10 ings.models.SeasonInfoTranslation at-tribute\T1/qtm/m/n/10 ),
 []



[48]
Underfull \hbox (badness 10000) in paragraph at lines 350--351
[]\T1/txtt/m/n/10 is_worker_home \T1/qtm/m/n/10 (\T1/qtm/m/it/10 book-ings.mode
ls.MobileHome
 []


Underfull \hbox (badness 10000) in paragraph at lines 351--352
[]\T1/txtt/m/n/10 items() \T1/qtm/m/n/10 (\T1/qtm/m/it/10 core.sitemaps.Multili
ngualStaticSitemap
 []


Underfull \hbox (badness 10000) in paragraph at lines 357--359
[]\T1/txtt/m/n/10 language_code \T1/qtm/m/n/10 (\T1/qtm/m/it/10 book-
 []


Underfull \hbox (badness 10000) in paragraph at lines 357--359
\T1/qtm/m/it/10 ings.models.OtherPriceTranslation at-tribute\T1/qtm/m/n/10 ),
 []


Underfull \hbox (badness 10000) in paragraph at lines 359--361
[]\T1/txtt/m/n/10 language_code \T1/qtm/m/n/10 (\T1/qtm/m/it/10 book-
 []


Underfull \hbox (badness 10000) in paragraph at lines 359--361
\T1/qtm/m/it/10 ings.models.SeasonInfoTranslation at-tribute\T1/qtm/m/n/10 ),
 []


Underfull \hbox (badness 10000) in paragraph at lines 361--363
[]\T1/txtt/m/n/10 language_code \T1/qtm/m/n/10 (\T1/qtm/m/it/10 book-
 []


Overfull \hbox (4.57248pt too wide) in paragraph at lines 361--363
\T1/qtm/m/it/10 ings.models.SupplementMobileHomeTranslation
 []


Underfull \hbox (badness 10000) in paragraph at lines 363--365
[]\T1/txtt/m/n/10 language_code \T1/qtm/m/n/10 (\T1/qtm/m/it/10 core.models.Cam
pingInfoTranslation
 []


Underfull \hbox (badness 6961) in paragraph at lines 365--367
[]\T1/txtt/m/n/10 language_code \T1/qtm/m/n/10 (\T1/qtm/m/it/10 core.models.Foo
dInfoTranslation at-
 []


Underfull \hbox (badness 10000) in paragraph at lines 367--369
[]\T1/txtt/m/n/10 language_code \T1/qtm/m/n/10 (\T1/qtm/m/it/10 core.models.Lau
ndryInfoTranslation
 []


Overfull \hbox (14.82224pt too wide) in paragraph at lines 369--371
[]\T1/txtt/m/n/10 language_code \T1/qtm/m/n/10 (\T1/qtm/m/it/10 core.models.Swi
mmingPoolInfoTranslation
 []


Overfull \hbox (14.1218pt too wide) in paragraph at lines 379--380
[]\T1/txtt/m/n/10 LaundryInfoTranslation.MultipleObjectsReturned\T1/qtm/m/n/10 
,
 []


Underfull \hbox (badness 10000) in paragraph at lines 381--382
[]\T1/txtt/m/n/10 list_display \T1/qtm/m/n/10 (\T1/qtm/m/it/10 book-ings.admin.
BookingAdmin at-
 []


Underfull \hbox (badness 10000) in paragraph at lines 382--383
[]\T1/txtt/m/n/10 list_display \T1/qtm/m/n/10 (\T1/qtm/m/it/10 book-ings.admin.
CapacityAdmin at-
 []


Underfull \hbox (badness 7030) in paragraph at lines 384--385
[]\T1/txtt/m/n/10 list_display \T1/qtm/m/n/10 (\T1/qtm/m/it/10 book-ings.admin.
OtherPriceAdmin at-
 []


Underfull \hbox (badness 10000) in paragraph at lines 386--387
[]\T1/txtt/m/n/10 list_display \T1/qtm/m/n/10 (\T1/qtm/m/it/10 book-ings.admin.
SeasonInfoAdmin
 []




Overfull \hbox (29.21233pt too wide) in paragraph at lines 387--389
[]\T1/txtt/m/n/10 list_display \T1/qtm/m/n/10 (\T1/qtm/m/it/10 book-ings.admin.
SupplementMobileHomeAdmin
 []


Underfull \hbox (badness 10000) in paragraph at lines 391--392
[]\T1/txtt/m/n/10 list_editable \T1/qtm/m/n/10 (\T1/qtm/m/it/10 book-ings.admin
.BookingAdmin at-
 []


Underfull \hbox (badness 10000) in paragraph at lines 392--393
[]\T1/txtt/m/n/10 list_filter \T1/qtm/m/n/10 (\T1/qtm/m/it/10 book-ings.admin.B
ookingAdmin at-
 []


Underfull \hbox (badness 10000) in paragraph at lines 393--394
[]\T1/txtt/m/n/10 list_filter \T1/qtm/m/n/10 (\T1/qtm/m/it/10 book-ings.admin.C
apacityAdmin at-
 []


Underfull \hbox (badness 5985) in paragraph at lines 395--396
[]\T1/txtt/m/n/10 list_filter \T1/qtm/m/n/10 (\T1/qtm/m/it/10 book-ings.admin.P
riceAdmin at-tribute\T1/qtm/m/n/10 ),
 []


Underfull \hbox (badness 10000) in paragraph at lines 396--398
[]\T1/txtt/m/n/10 location() \T1/qtm/m/n/10 (\T1/qtm/m/it/10 core.sitemaps.Mult
ilingualStaticSitemap
 []


Underfull \hbox (badness 10000) in paragraph at lines 398--399
[]\T1/txtt/m/n/10 low_season_end \T1/qtm/m/n/10 (\T1/qtm/m/it/10 book-ings.mode
ls.SeasonInfo at-
 []


Underfull \hbox (badness 10000) in paragraph at lines 399--401
[]\T1/txtt/m/n/10 low_season_end \T1/qtm/m/n/10 (\T1/qtm/m/it/10 book-
 []


Underfull \hbox (badness 10000) in paragraph at lines 399--401
\T1/qtm/m/it/10 ings.models.SeasonInfoTranslation at-tribute\T1/qtm/m/n/10 ),
 []


Underfull \hbox (badness 10000) in paragraph at lines 401--403
[]\T1/txtt/m/n/10 low_season_start \T1/qtm/m/n/10 (\T1/qtm/m/it/10 book-ings.mo
dels.SeasonInfo
 []


Underfull \hbox (badness 10000) in paragraph at lines 403--405
[]\T1/txtt/m/n/10 low_season_start \T1/qtm/m/n/10 (\T1/qtm/m/it/10 book-
 []


Underfull \hbox (badness 10000) in paragraph at lines 403--405
\T1/qtm/m/it/10 ings.models.SeasonInfoTranslation at-tribute\T1/qtm/m/n/10 ),
 []


Underfull \hbox (badness 10000) in paragraph at lines 409--410
[]\T1/txtt/m/n/10 master \T1/qtm/m/n/10 (\T1/qtm/m/it/10 book-ings.models.Other
PriceTranslation at-
 []


Underfull \hbox (badness 10000) in paragraph at lines 410--411
[]\T1/txtt/m/n/10 master \T1/qtm/m/n/10 (\T1/qtm/m/it/10 book-ings.models.Seaso
nInfoTranslation at-
 []


Overfull \hbox (20.51239pt too wide) in paragraph at lines 411--413
[]\T1/txtt/m/n/10 master \T1/qtm/m/n/10 (\T1/qtm/m/it/10 book-ings.models.Suppl
ementMobileHomeTranslation
 []


Overfull \hbox (36.26234pt too wide) in paragraph at lines 422--424
[]\T1/txtt/m/n/10 master_id \T1/qtm/m/n/10 (\T1/qtm/m/it/10 book-ings.models.Su
pplementMobileHomeTranslation
 []


Underfull \hbox (badness 10000) in paragraph at lines 424--425
[]\T1/txtt/m/n/10 master_id \T1/qtm/m/n/10 (\T1/qtm/m/it/10 core.models.Camping
InfoTranslation
 []


Underfull \hbox (badness 10000) in paragraph at lines 426--428
[]\T1/txtt/m/n/10 master_id \T1/qtm/m/n/10 (\T1/qtm/m/it/10 core.models.Laundry
InfoTranslation at-
 []



[49]
Underfull \hbox (badness 7814) in paragraph at lines 428--430
[]\T1/txtt/m/n/10 master_id \T1/qtm/m/n/10 (\T1/qtm/m/it/10 core.models.Swimmin
gPoolInfoTranslation
 []


Underfull \hbox (badness 10000) in paragraph at lines 438--440
[]\T1/txtt/m/n/10 media \T1/qtm/m/n/10 (\T1/qtm/m/it/10 book-ings.admin.Supplem
entMobileHomeAdmin
 []


Underfull \hbox (badness 10000) in paragraph at lines 440--441
[]\T1/txtt/m/n/10 media \T1/qtm/m/n/10 (\T1/qtm/m/it/10 book-ings.admin.Supplem
entPriceAdmin prop-
 []


Underfull \hbox (badness 10000) in paragraph at lines 443--445
[]\T1/txtt/m/n/10 media \T1/qtm/m/n/10 (\T1/qtm/m/it/10 reser-va-tions.forms.Re
servationRequestForm
 []


Underfull \hbox (badness 10000) in paragraph at lines 445--447
[]\T1/txtt/m/n/10 mid_season_end_1 \T1/qtm/m/n/10 (\T1/qtm/m/it/10 book-ings.mo
dels.SeasonInfo
 []


Underfull \hbox (badness 10000) in paragraph at lines 447--449
[]\T1/txtt/m/n/10 mid_season_end_1 \T1/qtm/m/n/10 (\T1/qtm/m/it/10 book-
 []


Underfull \hbox (badness 10000) in paragraph at lines 447--449
\T1/qtm/m/it/10 ings.models.SeasonInfoTranslation at-tribute\T1/qtm/m/n/10 ),
 []


Underfull \hbox (badness 10000) in paragraph at lines 449--451
[]\T1/txtt/m/n/10 mid_season_end_2 \T1/qtm/m/n/10 (\T1/qtm/m/it/10 book-ings.mo
dels.SeasonInfo
 []


Underfull \hbox (badness 10000) in paragraph at lines 451--453
[]\T1/txtt/m/n/10 mid_season_end_2 \T1/qtm/m/n/10 (\T1/qtm/m/it/10 book-
 []


Underfull \hbox (badness 10000) in paragraph at lines 451--453
\T1/qtm/m/it/10 ings.models.SeasonInfoTranslation at-tribute\T1/qtm/m/n/10 ),
 []


Underfull \hbox (badness 10000) in paragraph at lines 455--457
[]\T1/txtt/m/n/10 mid_season_start_1 \T1/qtm/m/n/10 (\T1/qtm/m/it/10 book-
 []


Underfull \hbox (badness 10000) in paragraph at lines 455--457
\T1/qtm/m/it/10 ings.models.SeasonInfoTranslation at-tribute\T1/qtm/m/n/10 ),
 []


Underfull \hbox (badness 10000) in paragraph at lines 459--461
[]\T1/txtt/m/n/10 mid_season_start_2 \T1/qtm/m/n/10 (\T1/qtm/m/it/10 book-
 []


Underfull \hbox (badness 10000) in paragraph at lines 459--461
\T1/qtm/m/it/10 ings.models.SeasonInfoTranslation at-tribute\T1/qtm/m/n/10 ),
 []


Underfull \hbox (badness 10000) in paragraph at lines 461--463
[]\T1/txtt/m/n/10 mobile_home_deposit \T1/qtm/m/n/10 (\T1/qtm/m/it/10 book-
 []


Underfull \hbox (badness 10000) in paragraph at lines 461--463
\T1/qtm/m/it/10 ings.models.SupplementMobileHome at-
 []


Underfull \hbox (badness 10000) in paragraph at lines 463--465
[]\T1/txtt/m/n/10 mobile_home_deposit \T1/qtm/m/n/10 (\T1/qtm/m/it/10 book-
 []


Overfull \hbox (4.57248pt too wide) in paragraph at lines 463--465
\T1/qtm/m/it/10 ings.models.SupplementMobileHomeTranslation
 []


Underfull \hbox (badness 10000) in paragraph at lines 469--470
[]\T1/txtt/m/n/10 model \T1/qtm/m/n/10 (\T1/qtm/m/it/10 book-ings.admin.PriceAd
minForm.Meta at-
 []


Underfull \hbox (badness 10000) in paragraph at lines 470--471
[]\T1/txtt/m/n/10 model \T1/qtm/m/n/10 (\T1/qtm/m/it/10 book-ings.forms.Booking
FormClassic.Meta
 []




Underfull \hbox (badness 6461) in paragraph at lines 505--506
[]\T1/txtt/m/n/10 night_price_mid \T1/qtm/m/n/10 (\T1/qtm/m/it/10 book-ings.mod
els.MobileHome at-
 []


Underfull \hbox (badness 10000) in paragraph at lines 507--508
[]\T1/txtt/m/n/10 number_locations \T1/qtm/m/n/10 (\T1/qtm/m/it/10 book-ings.mo
dels.Capacity at-
 []


Underfull \hbox (badness 10000) in paragraph at lines 516--518
[]\T1/txtt/m/n/10 objects \T1/qtm/m/n/10 (\T1/qtm/m/it/10 book-ings.models.Othe
rPriceTranslation
 []


Underfull \hbox (badness 10000) in paragraph at lines 519--521
[]\T1/txtt/m/n/10 objects \T1/qtm/m/n/10 (\T1/qtm/m/it/10 book-ings.models.Seas
onInfoTranslation
 []



[50]
Overfull \hbox (25.76237pt too wide) in paragraph at lines 521--523
[]\T1/txtt/m/n/10 objects \T1/qtm/m/n/10 (\T1/qtm/m/it/10 book-ings.models.Supp
lementMobileHomeTranslation
 []


Underfull \hbox (badness 10000) in paragraph at lines 524--525
[]\T1/txtt/m/n/10 objects \T1/qtm/m/n/10 (\T1/qtm/m/it/10 core.models.CampingIn
foTranslation at-
 []


Overfull \hbox (8.87181pt too wide) in paragraph at lines 537--538
[]\T1/txtt/m/n/10 OtherPriceTranslation.MultipleObjectsReturned\T1/qtm/m/n/10 ,

 []


Underfull \hbox (badness 10000) in paragraph at lines 541--543
[]\T1/txtt/m/n/10 pages \T1/qtm/m/n/10 (\T1/qtm/m/it/10 core.sitemaps.Multiling
ualStaticSitemap at-
 []


Underfull \hbox (badness 10000) in paragraph at lines 543--544
[]\T1/txtt/m/n/10 pet_price \T1/qtm/m/n/10 (\T1/qtm/m/it/10 book-ings.models.Su
pplementPrice at-
 []


Overfull \hbox (30.57219pt too wide) in paragraph at lines 551--553
[]\T1/txtt/m/n/10 pool_opening_end \T1/qtm/m/n/10 (\T1/qtm/m/it/10 core.models.
SwimmingPoolInfoTranslation
 []


Overfull \hbox (41.07216pt too wide) in paragraph at lines 555--557
[]\T1/txtt/m/n/10 pool_opening_start \T1/qtm/m/n/10 (\T1/qtm/m/it/10 core.model
s.SwimmingPoolInfoTranslation
 []


Underfull \hbox (badness 5787) in paragraph at lines 558--560
[]\T1/txtt/m/n/10 portal_end \T1/qtm/m/n/10 (\T1/qtm/m/it/10 core.models.Campin
gInfoTranslation at-
 []


Underfull \hbox (badness 10000) in paragraph at lines 567--569
[]\T1/txtt/m/n/10 price_1_person_with_electricity \T1/qtm/m/n/10 (\T1/qtm/m/it/
10 book-
 []




Underfull \hbox (badness 10000) in paragraph at lines 569--571
[]\T1/txtt/m/n/10 price_1_person_without_electricity \T1/qtm/m/n/10 (\T1/qtm/m/
it/10 book-
 []


Underfull \hbox (badness 10000) in paragraph at lines 571--573
[]\T1/txtt/m/n/10 price_2_persons_with_electricity \T1/qtm/m/n/10 (\T1/qtm/m/it
/10 book-
 []


Underfull \hbox (badness 10000) in paragraph at lines 573--575
[]\T1/txtt/m/n/10 price_2_persons_without_electricity \T1/qtm/m/n/10 (\T1/qtm/m
/it/10 book-
 []


Underfull \hbox (badness 10000) in paragraph at lines 577--579
[]\T1/txtt/m/n/10 price_tourist_tax \T1/qtm/m/n/10 (\T1/qtm/m/it/10 book-
 []


Underfull \hbox (badness 10000) in paragraph at lines 577--579
\T1/qtm/m/it/10 ings.models.OtherPriceTranslation at-tribute\T1/qtm/m/n/10 ),
 []


Overfull \hbox (29.34232pt too wide) in paragraph at lines 586--588
[]\T1/txtt/m/n/10 pytestmark \T1/qtm/m/n/10 (\T1/qtm/m/it/10 book-ings.tests.te
st_forms.TestBookingDetailsForm
 []


Underfull \hbox (badness 10000) in paragraph at lines 594--595
[]\T1/txtt/m/n/10 ReservationRequestForm \T1/qtm/m/n/10 (\T1/qtm/m/it/10 class 
in reser-va-
 []


Underfull \hbox (badness 10000) in paragraph at lines 614--615
[]\T1/txtt/m/n/10 search_fields \T1/qtm/m/n/10 (\T1/qtm/m/it/10 book-ings.admin
.BookingAdmin at-
 []


Underfull \hbox (badness 10000) in paragraph at lines 615--616
[]\T1/txtt/m/n/10 search_fields \T1/qtm/m/n/10 (\T1/qtm/m/it/10 book-ings.admin
.CapacityAdmin
 []


Underfull \hbox (badness 10000) in paragraph at lines 616--618
[]\T1/txtt/m/n/10 search_fields \T1/qtm/m/n/10 (\T1/qtm/m/it/10 book-ings.admin
.MobileHomeAdmin
 []



[51]
Underfull \hbox (badness 10000) in paragraph at lines 619--621
[]\T1/txtt/m/n/10 search_fields \T1/qtm/m/n/10 (\T1/qtm/m/it/10 book-
 []


Underfull \hbox (badness 10000) in paragraph at lines 619--621
\T1/qtm/m/it/10 ings.admin.SupplementPriceAdmin at-tribute\T1/qtm/m/n/10 ),
 []


Overfull \hbox (8.87181pt too wide) in paragraph at lines 629--630
[]\T1/txtt/m/n/10 SeasonInfoTranslation.MultipleObjectsReturned\T1/qtm/m/n/10 ,

 []


Underfull \hbox (badness 10000) in paragraph at lines 631--633
[]\T1/txtt/m/n/10 set_booking_session() \T1/qtm/m/n/10 (\T1/qtm/m/it/10 in mod-
ule book-
 []


Underfull \hbox (badness 10000) in paragraph at lines 635--637
[]\T1/txtt/m/n/10 SUBTYPE_TO_MAIN_TYPE \T1/qtm/m/n/10 (\T1/qtm/m/it/10 book-
 []


Underfull \hbox (badness 10000) in paragraph at lines 635--637
\T1/qtm/m/it/10 ings.forms.BookingFormClassic at-tribute\T1/qtm/m/n/10 ),
 []


Overfull \hbox (3.62183pt too wide) in paragraph at lines 639--640
[]\T1/txtt/m/n/10 SupplementMobileHome.MultipleObjectsReturned\T1/qtm/m/n/10 ,
 []


Underfull \hbox (badness 10000) in paragraph at lines 640--641
[]\T1/txtt/m/n/10 SupplementMobileHomeAdmin \T1/qtm/m/n/10 (\T1/qtm/m/it/10 cla
ss in book-
 []


Overfull \hbox (3.62183pt too wide) in paragraph at lines 643--644
[]\T1/txtt/m/n/10 SupplementMobileHomeTranslation.DoesNotExist\T1/qtm/m/n/10 ,
 []


Overfull \hbox (61.37166pt too wide) in paragraph at lines 644--645
[]\T1/txtt/m/n/10 SupplementMobileHomeTranslation.MultipleObjectsReturned\T1/qt
m/m/n/10 ,
 []


Underfull \hbox (badness 10000) in paragraph at lines 655--656
[]\T1/txtt/m/n/10 SwimmingPoolInfoTranslation \T1/qtm/m/n/10 (\T1/qtm/m/it/10 c
lass in
 []


Overfull \hbox (40.37172pt too wide) in paragraph at lines 657--658
[]\T1/txtt/m/n/10 SwimmingPoolInfoTranslation.MultipleObjectsReturned\T1/qtm/m/
n/10 ,
 []




Underfull \hbox (badness 10000) in paragraph at lines 664--666
[]\T1/txtt/m/n/10 test_accommodations_view() \T1/qtm/m/n/10 (\T1/qtm/m/it/10 in
 mod-ule
 []


Underfull \hbox (badness 10000) in paragraph at lines 666--668
[]\T1/txtt/m/n/10 test_activities_view() \T1/qtm/m/n/10 (\T1/qtm/m/it/10 in mod
-ule
 []


Overfull \hbox (48.37169pt too wide) in paragraph at lines 670--672
[]\T1/txtt/m/n/10 test_booking_confirm_saves_booking_and_sends_emails()
 []


Overfull \hbox (6.37181pt too wide) in paragraph at lines 672--674
[]\T1/txtt/m/n/10 test_booking_details_creates_stripe_session()
 []


Underfull \hbox (badness 10000) in paragraph at lines 674--676
[]\T1/txtt/m/n/10 test_booking_form_valid() \T1/qtm/m/n/10 (\T1/qtm/m/it/10 in 
mod-ule book-
 []


Overfull \hbox (11.6218pt too wide) in paragraph at lines 678--680
[]\T1/txtt/m/n/10 test_booking_summary_displays_correct_prices()
 []


Underfull \hbox (badness 10000) in paragraph at lines 680--682
[]\T1/txtt/m/n/10 test_campinginfo_fixture() \T1/qtm/m/n/10 (\T1/qtm/m/it/10 in
 mod-ule
 []


Underfull \hbox (badness 10000) in paragraph at lines 682--684
[]\T1/txtt/m/n/10 test_capacity_str() \T1/qtm/m/n/10 (\T1/qtm/m/it/10 in mod-ul
e book-
 []


Underfull \hbox (badness 10000) in paragraph at lines 684--686
[]\T1/txtt/m/n/10 test_foodinfo_fixture() \T1/qtm/m/n/10 (\T1/qtm/m/it/10 in mo
d-ule
 []


Overfull \hbox (6.37181pt too wide) in paragraph at lines 686--688
[]\T1/txtt/m/n/10 test_form_cable_requires_if_electricity_yes()
 []


Underfull \hbox (badness 10000) in paragraph at lines 688--690
[]\T1/txtt/m/n/10 test_form_dates_invalid() \T1/qtm/m/n/10 (\T1/qtm/m/it/10 in 
mod-ule reser-va-
 []


Underfull \hbox (badness 10000) in paragraph at lines 694--696
[]\T1/txtt/m/n/10 test_form_valid() \T1/qtm/m/n/10 (\T1/qtm/m/it/10 in mod-ule 
reser-va-
 []


Underfull \hbox (badness 10000) in paragraph at lines 702--704
[]\T1/txtt/m/n/10 test_invalid_phone() \T1/qtm/m/n/10 (\T1/qtm/m/it/10 book-
 []


Underfull \hbox (badness 10000) in paragraph at lines 702--704
\T1/qtm/m/it/10 ings.tests.test_forms.TestBookingDetailsForm
 []


Underfull \hbox (badness 10000) in paragraph at lines 704--706
[]\T1/txtt/m/n/10 test_invalid_type_field() \T1/qtm/m/n/10 (\T1/qtm/m/it/10 boo
k-
 []


Underfull \hbox (badness 10000) in paragraph at lines 704--706
\T1/qtm/m/it/10 ings.tests.test_forms.TestBookingFormClassic
 []


Underfull \hbox (badness 10000) in paragraph at lines 706--708
[]\T1/txtt/m/n/10 test_laundryinfo_fixture() \T1/qtm/m/n/10 (\T1/qtm/m/it/10 in
 mod-ule
 []


Underfull \hbox (badness 10000) in paragraph at lines 709--711
[]\T1/txtt/m/n/10 test_missing_required_field() \T1/qtm/m/n/10 (\T1/qtm/m/it/10
 book-
 []


Underfull \hbox (badness 10000) in paragraph at lines 709--711
\T1/qtm/m/it/10 ings.tests.test_forms.TestBookingFormClassic
 []



[52]
Underfull \hbox (badness 10000) in paragraph at lines 711--713
[]\T1/txtt/m/n/10 test_missing_required_fields() \T1/qtm/m/n/10 (\T1/qtm/m/it/1
0 book-
 []


Underfull \hbox (badness 10000) in paragraph at lines 711--713
\T1/qtm/m/it/10 ings.tests.test_forms.TestBookingDetailsForm
 []


Underfull \hbox (badness 10000) in paragraph at lines 713--715
[]\T1/txtt/m/n/10 test_mobilehome_creation() \T1/qtm/m/n/10 (\T1/qtm/m/it/10 in
 mod-ule book-
 []


Underfull \hbox (badness 10000) in paragraph at lines 715--717
[]\T1/txtt/m/n/10 test_not_found_view() \T1/qtm/m/n/10 (\T1/qtm/m/it/10 in mod-
ule
 []


Underfull \hbox (badness 10000) in paragraph at lines 717--719
[]\T1/txtt/m/n/10 test_past_start_date() \T1/qtm/m/n/10 (\T1/qtm/m/it/10 book-
 []


Underfull \hbox (badness 10000) in paragraph at lines 717--719
\T1/qtm/m/it/10 ings.tests.test_forms.TestBookingFormClassic
 []


Underfull \hbox (badness 10000) in paragraph at lines 719--721
[]\T1/txtt/m/n/10 test_post_invalid_reservation() \T1/qtm/m/n/10 (\T1/qtm/m/it/
10 in mod-ule
 []


Overfull \hbox (48.37169pt too wide) in paragraph at lines 721--723
[]\T1/txtt/m/n/10 test_post_valid_reservation_with_datetime_and_label()
 []


Underfull \hbox (badness 10000) in paragraph at lines 723--725
[]\T1/txtt/m/n/10 test_price_save_and_clean() \T1/qtm/m/n/10 (\T1/qtm/m/it/10 i
n mod-ule book-
 []


Underfull \hbox (badness 10000) in paragraph at lines 725--726
[]\T1/txtt/m/n/10 test_privacy_view() \T1/qtm/m/n/10 (\T1/qtm/m/it/10 in mod-ul
e
 []


Underfull \hbox (badness 10000) in paragraph at lines 726--728
[]\T1/txtt/m/n/10 test_seasoninfo_creation() \T1/qtm/m/n/10 (\T1/qtm/m/it/10 in
 mod-ule book-
 []


Underfull \hbox (badness 10000) in paragraph at lines 728--730
[]\T1/txtt/m/n/10 test_services_view() \T1/qtm/m/n/10 (\T1/qtm/m/it/10 in mod-u
le
 []


Underfull \hbox (badness 10000) in paragraph at lines 732--734
[]\T1/txtt/m/n/10 test_supplementprice_creation() \T1/qtm/m/n/10 (\T1/qtm/m/it/
10 in mod-ule
 []


Underfull \hbox (badness 10000) in paragraph at lines 734--736
[]\T1/txtt/m/n/10 test_swimmingpoolinfo_fixture() \T1/qtm/m/n/10 (\T1/qtm/m/it/
10 in mod-ule
 []


Underfull \hbox (badness 10000) in paragraph at lines 736--738
[]\T1/txtt/m/n/10 test_valid_data() \T1/qtm/m/n/10 (\T1/qtm/m/it/10 book-
 []


Underfull \hbox (badness 10000) in paragraph at lines 736--738
\T1/qtm/m/it/10 ings.tests.test_forms.TestBookingDetailsForm
 []


Underfull \hbox (badness 10000) in paragraph at lines 738--740
[]\T1/txtt/m/n/10 test_valid_data_tent() \T1/qtm/m/n/10 (\T1/qtm/m/it/10 book-
 []


Underfull \hbox (badness 10000) in paragraph at lines 738--740
\T1/qtm/m/it/10 ings.tests.test_forms.TestBookingFormClassic
 []


Underfull \hbox (badness 10000) in paragraph at lines 740--742
[]\T1/txtt/m/n/10 TestBookingDetailsForm \T1/qtm/m/n/10 (\T1/qtm/m/it/10 class 
in book-
 []


Underfull \hbox (badness 10000) in paragraph at lines 742--744
[]\T1/txtt/m/n/10 TestBookingFormClassic \T1/qtm/m/n/10 (\T1/qtm/m/it/10 class 
in book-
 []


Underfull \hbox (badness 10000) in paragraph at lines 744--746
[]\T1/txtt/m/n/10 tourist_tax_date \T1/qtm/m/n/10 (\T1/qtm/m/it/10 book-ings.mo
dels.OtherPrice
 []


Underfull \hbox (badness 10000) in paragraph at lines 746--748
[]\T1/txtt/m/n/10 tourist_tax_date \T1/qtm/m/n/10 (\T1/qtm/m/it/10 book-
 []


Underfull \hbox (badness 10000) in paragraph at lines 746--748
\T1/qtm/m/it/10 ings.models.OtherPriceTranslation at-tribute\T1/qtm/m/n/10 ),
 []


Overfull \hbox (6.43233pt too wide) in paragraph at lines 750--752
[]\T1/txtt/m/n/10 translations \T1/qtm/m/n/10 (\T1/qtm/m/it/10 book-ings.models
.SupplementMobileHome
 []




Underfull \hbox (badness 10000) in paragraph at lines 755--756
[]\T1/txtt/m/n/10 translations \T1/qtm/m/n/10 (\T1/qtm/m/it/10 core.models.Swim
mingPoolInfo at-
 []


Underfull \hbox (badness 10000) in paragraph at lines 762--763
[]\T1/txtt/m/n/10 updated_at_display() \T1/qtm/m/n/10 (\T1/qtm/m/it/10 book-ing
s.models.Booking
 []


Underfull \hbox (badness 10000) in paragraph at lines 766--768
[]\T1/txtt/m/n/10 valid_booking_data() \T1/qtm/m/n/10 (\T1/qtm/m/it/10 in mod-u
le book-
 []


Underfull \hbox (badness 10000) in paragraph at lines 768--770
[]\T1/txtt/m/n/10 valid_form_data() \T1/qtm/m/n/10 (\T1/qtm/m/it/10 in mod-ule 
reser-va-
 []


Underfull \hbox (badness 10000) in paragraph at lines 770--772
[]\T1/txtt/m/n/10 valid_reservation_data() \T1/qtm/m/n/10 (\T1/qtm/m/it/10 in m
od-ule reser-va-
 []


Underfull \hbox (badness 10000) in paragraph at lines 773--774
[]\T1/txtt/m/n/10 verbose_name \T1/qtm/m/n/10 (\T1/qtm/m/it/10 book-ings.apps.B
ookingsConfig at-
 []


Underfull \hbox (badness 10000) in paragraph at lines 775--777
[]\T1/txtt/m/n/10 visitor_price_with_swimming_pool \T1/qtm/m/n/10 (\T1/qtm/m/it
/10 book-
 []


Underfull \hbox (badness 10000) in paragraph at lines 775--777
\T1/qtm/m/it/10 ings.models.SupplementPrice at-tribute\T1/qtm/m/n/10 ),
 []


Underfull \hbox (badness 10000) in paragraph at lines 777--779
[]\T1/txtt/m/n/10 visitor_price_without_swimming_pool \T1/qtm/m/n/10 (\T1/qtm/m
/it/10 book-
 []


Underfull \hbox (badness 10000) in paragraph at lines 784--786
[]\T1/txtt/m/n/10 washing_machine_price
 []


Underfull \hbox (badness 10000) in paragraph at lines 784--786
\T1/qtm/m/n/10 (\T1/qtm/m/it/10 core.models.LaundryInfoTranslation at-
 []


Underfull \hbox (badness 10000) in paragraph at lines 789--791
[]\T1/txtt/m/n/10 weekend_price_with_electricity \T1/qtm/m/n/10 (\T1/qtm/m/it/1
0 book-
 []


Underfull \hbox (badness 10000) in paragraph at lines 791--793
[]\T1/txtt/m/n/10 weekend_price_without_electricity \T1/qtm/m/n/10 (\T1/qtm/m/i
t/10 book-
 []


Underfull \hbox (badness 10000) in paragraph at lines 793--795
[]\T1/txtt/m/n/10 welcome_afternoon_end \T1/qtm/m/n/10 (\T1/qtm/m/it/10 core.mo
dels.CampingInfo
 []


Underfull \hbox (badness 10000) in paragraph at lines 795--797
[]\T1/txtt/m/n/10 welcome_afternoon_end
 []


Underfull \hbox (badness 10000) in paragraph at lines 795--797
\T1/qtm/m/n/10 (\T1/qtm/m/it/10 core.models.CampingInfoTranslation at-
 []


Underfull \hbox (badness 10000) in paragraph at lines 799--801
[]\T1/txtt/m/n/10 welcome_afternoon_start
 []


Underfull \hbox (badness 10000) in paragraph at lines 799--801
\T1/qtm/m/n/10 (\T1/qtm/m/it/10 core.models.CampingInfoTranslation at-
 []



[53]
Underfull \hbox (badness 10000) in paragraph at lines 805--807
[]\T1/txtt/m/n/10 welcome_start \T1/qtm/m/n/10 (\T1/qtm/m/it/10 core.models.Cam
pingInfoTranslation
 []


Underfull \hbox (badness 6461) in paragraph at lines 809--810
[]\T1/txtt/m/n/10 worker_price_1p \T1/qtm/m/n/10 (\T1/qtm/m/it/10 book-ings.mod
els.MobileHome at-
 []


Underfull \hbox (badness 6461) in paragraph at lines 810--811
[]\T1/txtt/m/n/10 worker_price_2p \T1/qtm/m/n/10 (\T1/qtm/m/it/10 book-ings.mod
els.MobileHome at-
 []


Underfull \hbox (badness 6461) in paragraph at lines 811--812
[]\T1/txtt/m/n/10 worker_price_3p \T1/qtm/m/n/10 (\T1/qtm/m/it/10 book-ings.mod
els.MobileHome at-
 []





[54

]) (campinglemaineblanc.aux)
 ***********
LaTeX2e <2024-11-01> patch level 2
L3 programming layer <2025-03-26>
 ***********
Package rerunfilecheck Info: File `campinglemaineblanc.out' has not changed.
(rerunfilecheck)             Checksum: E1AE3DE070C4F17C4A0AE436422C045C;1005.
 ) 
Here is how much of TeX's memory you used:
 21258 strings out of 469959
 397995 string characters out of 5469835
 764635 words of memory out of 5000000
 47069 multiletter control sequences out of 15000+600000
 673271 words of font info for 82 fonts, out of 8000000 for 9000
 1142 hyphenation exceptions out of 8191
 72i,12n,82p,4787b,837s stack positions out of 10000i,1000n,20000p,200000b,200000s
<C:/Users/natha/AppData/Local/Programs/MiKTeX/fonts/type1/public/tex-gyre/qhv
b.pfb><C:/Users/natha/AppData/Local/Programs/MiKTeX/fonts/type1/public/tex-gyre
/qhvbi.pfb><C:/Users/natha/AppData/Local/Programs/MiKTeX/fonts/type1/public/tex
-gyre/qhvr.pfb><C:/Users/natha/AppData/Local/Programs/MiKTeX/fonts/type1/public
/tex-gyre/qtmb.pfb><C:/Users/natha/AppData/Local/Programs/MiKTeX/fonts/type1/pu
blic/tex-gyre/qtmr.pfb><C:/Users/natha/AppData/Local/Programs/MiKTeX/fonts/type
1/public/tex-gyre/qtmri.pfb><C:/Users/natha/AppData/Local/Programs/MiKTeX/fonts
/type1/public/txfonts/t1xbtt.pfb><C:/Users/natha/AppData/Local/Programs/MiKTeX/
fonts/type1/public/txfonts/t1xtt.pfb><C:/Users/natha/AppData/Local/Programs/MiK
TeX/fonts/type1/public/txfonts/t1xtt.pfb><C:/Users/natha/AppData/Local/Programs
/MiKTeX/fonts/type1/public/txfonts/tcxbtt.pfb><C:/Users/natha/AppData/Local/Pro
grams/MiKTeX/fonts/type1/public/txfonts/tcxtt.pfb>
Output written on campinglemaineblanc.pdf (58 pages, 455095 bytes).
PDF statistics:
 1536 PDF objects out of 1728 (max. 8388607)
 573 named destinations out of 1000 (max. 500000)
 93 words of extra memory for PDF output out of 10000 (max. 10000000)

